0 info it worked if it ends with ok
1 verbose cli [ 'D:\\AppCan\\AppCanStudioPersonalV3.2\\HDK\\emulator\\mas\\node.exe',
1 verbose cli   'D:\\AppCan\\AppCanStudioPersonalV3.2\\HDK\\emulator\\mas\\node_modules\\npm\\bin\\npm-cli.js',
1 verbose cli   'install',
1 verbose cli   'express' ]
2 info using npm@1.4.3
3 info using node@v0.10.15
4 verbose cache add [ 'express', null ]
5 verbose cache add name=undefined spec="express" args=["express",null]
6 verbose parsed url { protocol: null,
6 verbose parsed url   slashes: null,
6 verbose parsed url   auth: null,
6 verbose parsed url   host: null,
6 verbose parsed url   port: null,
6 verbose parsed url   hostname: null,
6 verbose parsed url   hash: null,
6 verbose parsed url   search: null,
6 verbose parsed url   query: null,
6 verbose parsed url   pathname: 'express',
6 verbose parsed url   path: 'express',
6 verbose parsed url   href: 'express' }
7 silly lockFile f3c62de4-express express
8 verbose lock express C:\Users\lenovo\AppData\Roaming\npm-cache\f3c62de4-express.lock
9 silly lockFile f3c62de4-express express
10 silly lockFile f3c62de4-express express
11 verbose addNamed [ 'express', '' ]
12 verbose addNamed [ null, '*' ]
13 silly lockFile 64a534c1-express express@
14 verbose lock express@ C:\Users\lenovo\AppData\Roaming\npm-cache\64a534c1-express.lock
15 silly addNameRange { name: 'express', range: '*', hasData: false }
16 verbose url raw express
17 verbose url resolving [ 'https://registry.npmjs.org/', './express' ]
18 verbose url resolved https://registry.npmjs.org/express
19 info trying registry request attempt 1 at 17:16:18
20 verbose etag "3FP7QVCL4QON2KUZWOJX9V2ZA"
21 http GET https://registry.npmjs.org/express
22 http 304 https://registry.npmjs.org/express
23 silly registry.get cb [ 304,
23 silly registry.get   { date: 'Thu, 07 Apr 2016 09:16:17 GMT',
23 silly registry.get     via: '1.1 varnish',
23 silly registry.get     'cache-control': 'max-age=300',
23 silly registry.get     etag: '"3FP7QVCL4QON2KUZWOJX9V2ZA"',
23 silly registry.get     age: '73',
23 silly registry.get     connection: 'keep-alive',
23 silly registry.get     'x-served-by': 'cache-nrt6124-NRT',
23 silly registry.get     'x-cache': 'HIT',
23 silly registry.get     'x-cache-hits': '1',
23 silly registry.get     'x-timer': 'S1460020577.089316,VS0,VE0',
23 silly registry.get     vary: 'Accept-Encoding' } ]
24 verbose etag express from cache
25 silly addNameRange number 2 { name: 'express', range: '*', hasData: true }
26 silly addNameRange versions [ 'express',
26 silly addNameRange   [ '0.14.0',
26 silly addNameRange     '0.14.1',
26 silly addNameRange     '1.0.0',
26 silly addNameRange     '1.0.1',
26 silly addNameRange     '1.0.2',
26 silly addNameRange     '1.0.3',
26 silly addNameRange     '1.0.4',
26 silly addNameRange     '1.0.5',
26 silly addNameRange     '1.0.6',
26 silly addNameRange     '1.0.7',
26 silly addNameRange     '1.0.8',
26 silly addNameRange     '2.0.0',
26 silly addNameRange     '2.1.0',
26 silly addNameRange     '2.1.1',
26 silly addNameRange     '2.2.0',
26 silly addNameRange     '2.2.1',
26 silly addNameRange     '2.2.2',
26 silly addNameRange     '2.3.0',
26 silly addNameRange     '2.3.1',
26 silly addNameRange     '2.3.2',
26 silly addNameRange     '2.3.3',
26 silly addNameRange     '2.3.4',
26 silly addNameRange     '2.3.5',
26 silly addNameRange     '2.3.6',
26 silly addNameRange     '2.3.7',
26 silly addNameRange     '2.3.8',
26 silly addNameRange     '2.3.9',
26 silly addNameRange     '2.3.10',
26 silly addNameRange     '2.3.11',
26 silly addNameRange     '2.3.12',
26 silly addNameRange     '2.4.0',
26 silly addNameRange     '2.4.1',
26 silly addNameRange     '2.4.2',
26 silly addNameRange     '2.4.3',
26 silly addNameRange     '2.4.4',
26 silly addNameRange     '2.4.5',
26 silly addNameRange     '2.4.6',
26 silly addNameRange     '2.4.7',
26 silly addNameRange     '2.5.0',
26 silly addNameRange     '2.5.1',
26 silly addNameRange     '2.5.2',
26 silly addNameRange     '2.5.3',
26 silly addNameRange     '2.5.4',
26 silly addNameRange     '2.5.5',
26 silly addNameRange     '2.5.6',
26 silly addNameRange     '2.5.7',
26 silly addNameRange     '2.5.8',
26 silly addNameRange     '2.5.9',
26 silly addNameRange     '2.5.10',
26 silly addNameRange     '2.5.11',
26 silly addNameRange     '3.0.0',
26 silly addNameRange     '3.0.1',
26 silly addNameRange     '3.0.2',
26 silly addNameRange     '3.0.3',
26 silly addNameRange     '3.0.4',
26 silly addNameRange     '3.0.5',
26 silly addNameRange     '3.0.6',
26 silly addNameRange     '3.1.0',
26 silly addNameRange     '3.1.1',
26 silly addNameRange     '3.1.2',
26 silly addNameRange     '3.2.0',
26 silly addNameRange     '3.2.1',
26 silly addNameRange     '3.2.2',
26 silly addNameRange     '3.2.3',
26 silly addNameRange     '3.2.4',
26 silly addNameRange     '3.2.5',
26 silly addNameRange     '3.2.6',
26 silly addNameRange     '3.3.0',
26 silly addNameRange     '3.3.1',
26 silly addNameRange     '3.3.2',
26 silly addNameRange     '3.3.3',
26 silly addNameRange     '3.3.4',
26 silly addNameRange     '3.3.5',
26 silly addNameRange     '3.3.6',
26 silly addNameRange     '1.0.0-beta',
26 silly addNameRange     '1.0.0-beta2',
26 silly addNameRange     '1.0.0-rc',
26 silly addNameRange     '1.0.0-rc2',
26 silly addNameRange     '1.0.0-rc3',
26 silly addNameRange     '1.0.0-rc4',
26 silly addNameRange     '2.0.0-beta',
26 silly addNameRange     '2.0.0-beta2',
26 silly addNameRange     '2.0.0-beta3',
26 silly addNameRange     '2.0.0-rc',
26 silly addNameRange     '2.0.0-rc2',
26 silly addNameRange     '2.0.0-rc3',
26 silly addNameRange     '3.0.0-alpha1',
26 silly addNameRange     '3.0.0-alpha2',
26 silly addNameRange     '3.0.0-alpha3',
26 silly addNameRange     '3.0.0-alpha4',
26 silly addNameRange     '3.0.0-alpha5',
26 silly addNameRange     '3.0.0-beta1',
26 silly addNameRange     '3.0.0-beta2',
26 silly addNameRange     '3.0.0-beta3',
26 silly addNameRange     '3.0.0-beta4',
26 silly addNameRange     '3.0.0-beta6',
26 silly addNameRange     '3.0.0-beta7',
26 silly addNameRange     '3.0.0-rc1',
26 silly addNameRange     '3.0.0-rc2',
26 silly addNameRange     '3.0.0-rc3',
26 silly addNameRange     '3.0.0-rc4',
26 silly addNameRange     '3.0.0-rc5',
26 silly addNameRange     '3.3.7',
26 silly addNameRange     '3.3.8',
26 silly addNameRange     '3.4.0',
26 silly addNameRange     '3.4.1',
26 silly addNameRange     '3.4.2',
26 silly addNameRange     '3.4.3',
26 silly addNameRange     '3.4.4',
26 silly addNameRange     '3.4.5',
26 silly addNameRange     '3.4.6',
26 silly addNameRange     '3.4.7',
26 silly addNameRange     '3.4.8',
26 silly addNameRange     '4.0.0-rc1',
26 silly addNameRange     '4.0.0-rc2',
26 silly addNameRange     '3.5.0',
26 silly addNameRange     '4.0.0-rc3',
26 silly addNameRange     '4.0.0-rc4',
26 silly addNameRange     '3.5.1',
26 silly addNameRange     '4.0.0',
26 silly addNameRange     '3.5.2',
26 silly addNameRange     '4.1.0',
26 silly addNameRange     '4.1.1',
26 silly addNameRange     '3.5.3',
26 silly addNameRange     '4.1.2',
26 silly addNameRange     '3.6.0',
26 silly addNameRange     '4.2.0',
26 silly addNameRange     '3.7.0',
26 silly addNameRange     '3.8.0',
26 silly addNameRange     '4.3.0',
26 silly addNameRange     '4.3.1',
26 silly addNameRange     '3.8.1',
26 silly addNameRange     '4.3.2',
26 silly addNameRange     '3.9.0',
26 silly addNameRange     '4.4.0',
26 silly addNameRange     '4.4.1',
26 silly addNameRange     '3.10.0',
26 silly addNameRange     '3.10.1',
26 silly addNameRange     '3.10.2',
26 silly addNameRange     '3.10.3',
26 silly addNameRange     '3.10.4',
26 silly addNameRange     '4.4.2',
26 silly addNameRange     '3.10.5',
26 silly addNameRange     '4.4.3',
26 silly addNameRange     '3.11.0',
26 silly addNameRange     '4.4.4',
26 silly addNameRange     '3.12.0',
26 silly addNameRange     '3.12.1',
26 silly addNameRange     '4.4.5',
26 silly addNameRange     '3.13.0',
26 silly addNameRange     '4.5.0',
26 silly addNameRange     '4.5.1',
26 silly addNameRange     '3.14.0',
26 silly addNameRange     '4.6.0',
26 silly addNameRange     '4.6.1',
26 silly addNameRange     '3.15.0',
26 silly addNameRange     '4.7.0',
26 silly addNameRange     '3.15.1',
26 silly addNameRange     '4.7.1',
26 silly addNameRange     '3.15.2',
26 silly addNameRange     '4.7.2',
26 silly addNameRange     '4.7.3',
26 silly addNameRange     '3.15.3',
26 silly addNameRange     '4.7.4',
26 silly addNameRange     '3.16.0',
26 silly addNameRange     '4.8.0',
26 silly addNameRange     '3.16.1',
26 silly addNameRange     '4.8.1',
26 silly addNameRange     '3.16.2',
26 silly addNameRange     '4.8.2',
26 silly addNameRange     '3.16.3',
26 silly addNameRange     '3.16.4',
26 silly addNameRange     '4.8.3',
26 silly addNameRange     '3.16.5',
26 silly addNameRange     '3.16.6',
26 silly addNameRange     '4.8.4',
26 silly addNameRange     '3.16.7',
26 silly addNameRange     '4.8.5',
26 silly addNameRange     '3.16.8',
26 silly addNameRange     '4.8.6',
26 silly addNameRange     '3.16.9',
26 silly addNameRange     '4.8.7',
26 silly addNameRange     '3.16.10',
26 silly addNameRange     '4.8.8',
26 silly addNameRange     '3.17.0',
26 silly addNameRange     '3.17.1',
26 silly addNameRange     '4.9.0',
26 silly addNameRange     '3.17.2',
26 silly addNameRange     '4.9.1',
26 silly addNameRange     '4.9.2',
26 silly addNameRange     '3.17.3',
26 silly addNameRange     '4.9.3',
26 silly addNameRange     '3.17.4',
26 silly addNameRange     '4.9.4',
26 silly addNameRange     '3.17.5',
26 silly addNameRange     '4.9.5',
26 silly addNameRange     '3.17.6',
26 silly addNameRange     '3.17.7',
26 silly addNameRange     '4.9.6',
26 silly addNameRange     '4.9.7',
26 silly addNameRange     '3.17.8',
26 silly addNameRange     '4.9.8',
26 silly addNameRange     '3.18.0',
26 silly addNameRange     '3.18.1',
26 silly addNameRange     '4.10.0',
26 silly addNameRange     '3.18.2',
26 silly addNameRange     '4.10.1',
26 silly addNameRange     '5.0.0-alpha.1',
26 silly addNameRange     '3.18.3',
26 silly addNameRange     '4.10.2',
26 silly addNameRange     '3.18.4',
26 silly addNameRange     '4.10.3',
26 silly addNameRange     '4.10.4',
26 silly addNameRange     '4.10.5',
26 silly addNameRange     '3.18.5',
26 silly addNameRange     '3.18.6',
26 silly addNameRange     '4.10.6',
26 silly addNameRange     '4.10.7',
26 silly addNameRange     '3.19.0',
26 silly addNameRange     '4.10.8',
26 silly addNameRange     '4.11.0',
26 silly addNameRange     '3.19.1',
26 silly addNameRange     '4.11.1',
26 silly addNameRange     '3.19.2',
26 silly addNameRange     '4.11.2',
26 silly addNameRange     '3.20.0',
26 silly addNameRange     '4.12.0',
26 silly addNameRange     '3.20.1',
26 silly addNameRange     '4.12.1',
26 silly addNameRange     '4.12.2',
26 silly addNameRange     '3.20.2',
26 silly addNameRange     '4.12.3',
26 silly addNameRange     '3.20.3',
26 silly addNameRange     '4.12.4',
26 silly addNameRange     '3.21.0',
26 silly addNameRange     '4.13.0',
26 silly addNameRange     '3.21.1',
26 silly addNameRange     '4.13.1',
26 silly addNameRange     '5.0.0-alpha.2',
26 silly addNameRange     '3.21.2',
26 silly addNameRange     '4.13.2',
26 silly addNameRange     '4.13.3',
26 silly addNameRange     '4.13.4' ] ]
27 verbose addNamed [ 'express', '4.13.4' ]
28 verbose addNamed [ '4.13.4', '4.13.4' ]
29 silly lockFile 23607823-express-4-13-4 express@4.13.4
30 verbose lock express@4.13.4 C:\Users\lenovo\AppData\Roaming\npm-cache\23607823-express-4-13-4.lock
31 silly lockFile 23607823-express-4-13-4 express@4.13.4
32 silly lockFile 23607823-express-4-13-4 express@4.13.4
33 silly lockFile 64a534c1-express express@
34 silly lockFile 64a534c1-express express@
35 silly resolved [ { name: 'express',
35 silly resolved     description: 'Fast, unopinionated, minimalist web framework',
35 silly resolved     version: '4.13.4',
35 silly resolved     author: { name: 'TJ Holowaychuk', email: 'tj@vision-media.ca' },
35 silly resolved     contributors:
35 silly resolved      [ [Object],
35 silly resolved        [Object],
35 silly resolved        [Object],
35 silly resolved        [Object],
35 silly resolved        [Object],
35 silly resolved        [Object],
35 silly resolved        [Object] ],
35 silly resolved     license: 'MIT',
35 silly resolved     repository: { type: 'git', url: 'https://github.com/expressjs/express' },
35 silly resolved     keywords:
35 silly resolved      [ 'express',
35 silly resolved        'framework',
35 silly resolved        'sinatra',
35 silly resolved        'web',
35 silly resolved        'rest',
35 silly resolved        'restful',
35 silly resolved        'router',
35 silly resolved        'app',
35 silly resolved        'api' ],
35 silly resolved     dependencies:
35 silly resolved      { accepts: '~1.2.12',
35 silly resolved        'array-flatten': '1.1.1',
35 silly resolved        'content-disposition': '0.5.1',
35 silly resolved        'content-type': '~1.0.1',
35 silly resolved        cookie: '0.1.5',
35 silly resolved        'cookie-signature': '1.0.6',
35 silly resolved        debug: '~2.2.0',
35 silly resolved        depd: '~1.1.0',
35 silly resolved        'escape-html': '~1.0.3',
35 silly resolved        etag: '~1.7.0',
35 silly resolved        finalhandler: '0.4.1',
35 silly resolved        fresh: '0.3.0',
35 silly resolved        'merge-descriptors': '1.0.1',
35 silly resolved        methods: '~1.1.2',
35 silly resolved        'on-finished': '~2.3.0',
35 silly resolved        parseurl: '~1.3.1',
35 silly resolved        'path-to-regexp': '0.1.7',
35 silly resolved        'proxy-addr': '~1.0.10',
35 silly resolved        qs: '4.0.0',
35 silly resolved        'range-parser': '~1.0.3',
35 silly resolved        send: '0.13.1',
35 silly resolved        'serve-static': '~1.10.2',
35 silly resolved        'type-is': '~1.6.6',
35 silly resolved        'utils-merge': '1.0.0',
35 silly resolved        vary: '~1.0.1' },
35 silly resolved     devDependencies:
35 silly resolved      { after: '0.8.1',
35 silly resolved        ejs: '2.3.4',
35 silly resolved        istanbul: '0.4.2',
35 silly resolved        marked: '0.3.5',
35 silly resolved        mocha: '2.3.4',
35 silly resolved        should: '7.1.1',
35 silly resolved        supertest: '1.1.0',
35 silly resolved        'body-parser': '~1.14.2',
35 silly resolved        'connect-redis': '~2.4.1',
35 silly resolved        'cookie-parser': '~1.4.1',
35 silly resolved        'cookie-session': '~1.2.0',
35 silly resolved        'express-session': '~1.13.0',
35 silly resolved        jade: '~1.11.0',
35 silly resolved        'method-override': '~2.3.5',
35 silly resolved        morgan: '~1.6.1',
35 silly resolved        multiparty: '~4.1.2',
35 silly resolved        vhost: '~3.0.1' },
35 silly resolved     engines: { node: '>= 0.10.0' },
35 silly resolved     files: [ 'LICENSE', 'History.md', 'Readme.md', 'index.js', 'lib/' ],
35 silly resolved     scripts:
35 silly resolved      { test: 'mocha --require test/support/env --reporter spec --bail --check-leaks test/ test/acceptance/',
35 silly resolved        'test-ci': 'istanbul cover node_modules/mocha/bin/_mocha --report lcovonly -- --require test/support/env --reporter spec --check-leaks test/ test/acceptance/',
35 silly resolved        'test-cov': 'istanbul cover node_modules/mocha/bin/_mocha -- --require test/support/env --reporter dot --check-leaks test/ test/acceptance/',
35 silly resolved        'test-tap': 'mocha --require test/support/env --reporter tap --check-leaks test/ test/acceptance/' },
35 silly resolved     gitHead: '193bed2649c55c1fd362e46cd4702c773f3e7434',
35 silly resolved     bugs: { url: 'https://github.com/expressjs/express/issues' },
35 silly resolved     homepage: 'https://github.com/expressjs/express',
35 silly resolved     _id: 'express@4.13.4',
35 silly resolved     _shasum: '3c0b76f3c77590c8345739061ec0bd3ba067ec24',
35 silly resolved     _from: 'express@',
35 silly resolved     _npmVersion: '1.4.28',
35 silly resolved     _npmUser: { name: 'dougwilson', email: 'doug@somethingdoug.com' },
35 silly resolved     maintainers: [ [Object] ],
35 silly resolved     dist:
35 silly resolved      { shasum: '3c0b76f3c77590c8345739061ec0bd3ba067ec24',
35 silly resolved        tarball: 'http://registry.npmjs.org/express/-/express-4.13.4.tgz' },
35 silly resolved     directories: {},
35 silly resolved     _resolved: 'https://registry.npmjs.org/express/-/express-4.13.4.tgz',
35 silly resolved     readme: 'ERROR: No README data found!' } ]
36 info install express@4.13.4 into E:\workspace\node_demo\events
37 info installOne express@4.13.4
38 info E:\workspace\node_demo\events\node_modules\express unbuild
39 verbose tar unpack C:\Users\lenovo\AppData\Roaming\npm-cache\express\4.13.4\package.tgz
40 silly lockFile e252b799-demo-events-node-modules-express tar://E:\workspace\node_demo\events\node_modules\express
41 verbose lock tar://E:\workspace\node_demo\events\node_modules\express C:\Users\lenovo\AppData\Roaming\npm-cache\e252b799-demo-events-node-modules-express.lock
42 silly lockFile 610739b5-cache-express-4-13-4-package-tgz tar://C:\Users\lenovo\AppData\Roaming\npm-cache\express\4.13.4\package.tgz
43 verbose lock tar://C:\Users\lenovo\AppData\Roaming\npm-cache\express\4.13.4\package.tgz C:\Users\lenovo\AppData\Roaming\npm-cache\610739b5-cache-express-4-13-4-package-tgz.lock
44 silly gunzTarPerm modes [ '755', '644' ]
45 silly gunzTarPerm extractEntry package.json
46 silly gunzTarPerm modified mode [ 'package.json', 438, 420 ]
47 silly gunzTarPerm extractEntry LICENSE
48 silly gunzTarPerm modified mode [ 'LICENSE', 438, 420 ]
49 silly gunzTarPerm extractEntry index.js
50 silly gunzTarPerm modified mode [ 'index.js', 438, 420 ]
51 silly gunzTarPerm extractEntry History.md
52 silly gunzTarPerm modified mode [ 'History.md', 438, 420 ]
53 silly gunzTarPerm extractEntry Readme.md
54 silly gunzTarPerm modified mode [ 'Readme.md', 438, 420 ]
55 silly gunzTarPerm extractEntry lib/application.js
56 silly gunzTarPerm modified mode [ 'lib/application.js', 438, 420 ]
57 silly gunzTarPerm extractEntry lib/express.js
58 silly gunzTarPerm modified mode [ 'lib/express.js', 438, 420 ]
59 silly gunzTarPerm extractEntry lib/request.js
60 silly gunzTarPerm modified mode [ 'lib/request.js', 438, 420 ]
61 silly gunzTarPerm extractEntry lib/response.js
62 silly gunzTarPerm modified mode [ 'lib/response.js', 438, 420 ]
63 silly gunzTarPerm extractEntry lib/utils.js
64 silly gunzTarPerm modified mode [ 'lib/utils.js', 438, 420 ]
65 silly gunzTarPerm extractEntry lib/view.js
66 silly gunzTarPerm modified mode [ 'lib/view.js', 438, 420 ]
67 silly gunzTarPerm extractEntry lib/middleware/init.js
68 silly gunzTarPerm modified mode [ 'lib/middleware/init.js', 438, 420 ]
69 silly gunzTarPerm extractEntry lib/middleware/query.js
70 silly gunzTarPerm modified mode [ 'lib/middleware/query.js', 438, 420 ]
71 silly gunzTarPerm extractEntry lib/router/index.js
72 silly gunzTarPerm modified mode [ 'lib/router/index.js', 438, 420 ]
73 silly gunzTarPerm extractEntry lib/router/layer.js
74 silly gunzTarPerm modified mode [ 'lib/router/layer.js', 438, 420 ]
75 silly gunzTarPerm extractEntry lib/router/route.js
76 silly gunzTarPerm modified mode [ 'lib/router/route.js', 438, 420 ]
77 silly lockFile e252b799-demo-events-node-modules-express tar://E:\workspace\node_demo\events\node_modules\express
78 silly lockFile e252b799-demo-events-node-modules-express tar://E:\workspace\node_demo\events\node_modules\express
79 silly lockFile 610739b5-cache-express-4-13-4-package-tgz tar://C:\Users\lenovo\AppData\Roaming\npm-cache\express\4.13.4\package.tgz
80 silly lockFile 610739b5-cache-express-4-13-4-package-tgz tar://C:\Users\lenovo\AppData\Roaming\npm-cache\express\4.13.4\package.tgz
81 info preinstall express@4.13.4
82 verbose readDependencies using package.json deps
83 verbose readDependencies using package.json deps
84 verbose cache add [ 'accepts@~1.2.12', null ]
85 verbose cache add name=undefined spec="accepts@~1.2.12" args=["accepts@~1.2.12",null]
86 verbose parsed url { protocol: null,
86 verbose parsed url   slashes: null,
86 verbose parsed url   auth: null,
86 verbose parsed url   host: null,
86 verbose parsed url   port: null,
86 verbose parsed url   hostname: null,
86 verbose parsed url   hash: null,
86 verbose parsed url   search: null,
86 verbose parsed url   query: null,
86 verbose parsed url   pathname: 'accepts@~1.2.12',
86 verbose parsed url   path: 'accepts@~1.2.12',
86 verbose parsed url   href: 'accepts@~1.2.12' }
87 verbose cache add name="accepts" spec="~1.2.12" args=["accepts","~1.2.12"]
88 verbose parsed url { protocol: null,
88 verbose parsed url   slashes: null,
88 verbose parsed url   auth: null,
88 verbose parsed url   host: null,
88 verbose parsed url   port: null,
88 verbose parsed url   hostname: null,
88 verbose parsed url   hash: null,
88 verbose parsed url   search: null,
88 verbose parsed url   query: null,
88 verbose parsed url   pathname: '~1.2.12',
88 verbose parsed url   path: '~1.2.12',
88 verbose parsed url   href: '~1.2.12' }
89 verbose addNamed [ 'accepts', '~1.2.12' ]
90 verbose addNamed [ null, '>=1.2.12-0 <1.3.0-0' ]
91 silly lockFile bae7a731-accepts-1-2-12 accepts@~1.2.12
92 verbose lock accepts@~1.2.12 C:\Users\lenovo\AppData\Roaming\npm-cache\bae7a731-accepts-1-2-12.lock
93 verbose cache add [ 'array-flatten@1.1.1', null ]
94 verbose cache add name=undefined spec="array-flatten@1.1.1" args=["array-flatten@1.1.1",null]
95 verbose parsed url { protocol: null,
95 verbose parsed url   slashes: null,
95 verbose parsed url   auth: null,
95 verbose parsed url   host: null,
95 verbose parsed url   port: null,
95 verbose parsed url   hostname: null,
95 verbose parsed url   hash: null,
95 verbose parsed url   search: null,
95 verbose parsed url   query: null,
95 verbose parsed url   pathname: 'array-flatten@1.1.1',
95 verbose parsed url   path: 'array-flatten@1.1.1',
95 verbose parsed url   href: 'array-flatten@1.1.1' }
96 verbose cache add name="array-flatten" spec="1.1.1" args=["array-flatten","1.1.1"]
97 verbose parsed url { protocol: null,
97 verbose parsed url   slashes: null,
97 verbose parsed url   auth: null,
97 verbose parsed url   host: null,
97 verbose parsed url   port: null,
97 verbose parsed url   hostname: null,
97 verbose parsed url   hash: null,
97 verbose parsed url   search: null,
97 verbose parsed url   query: null,
97 verbose parsed url   pathname: '1.1.1',
97 verbose parsed url   path: '1.1.1',
97 verbose parsed url   href: '1.1.1' }
98 verbose addNamed [ 'array-flatten', '1.1.1' ]
99 verbose addNamed [ '1.1.1', '1.1.1' ]
100 silly lockFile 032f80b8-array-flatten-1-1-1 array-flatten@1.1.1
101 verbose lock array-flatten@1.1.1 C:\Users\lenovo\AppData\Roaming\npm-cache\032f80b8-array-flatten-1-1-1.lock
102 verbose cache add [ 'content-disposition@0.5.1', null ]
103 verbose cache add name=undefined spec="content-disposition@0.5.1" args=["content-disposition@0.5.1",null]
104 verbose parsed url { protocol: null,
104 verbose parsed url   slashes: null,
104 verbose parsed url   auth: null,
104 verbose parsed url   host: null,
104 verbose parsed url   port: null,
104 verbose parsed url   hostname: null,
104 verbose parsed url   hash: null,
104 verbose parsed url   search: null,
104 verbose parsed url   query: null,
104 verbose parsed url   pathname: 'content-disposition@0.5.1',
104 verbose parsed url   path: 'content-disposition@0.5.1',
104 verbose parsed url   href: 'content-disposition@0.5.1' }
105 verbose cache add name="content-disposition" spec="0.5.1" args=["content-disposition","0.5.1"]
106 verbose parsed url { protocol: null,
106 verbose parsed url   slashes: null,
106 verbose parsed url   auth: null,
106 verbose parsed url   host: null,
106 verbose parsed url   port: null,
106 verbose parsed url   hostname: null,
106 verbose parsed url   hash: null,
106 verbose parsed url   search: null,
106 verbose parsed url   query: null,
106 verbose parsed url   pathname: '0.5.1',
106 verbose parsed url   path: '0.5.1',
106 verbose parsed url   href: '0.5.1' }
107 verbose addNamed [ 'content-disposition', '0.5.1' ]
108 verbose addNamed [ '0.5.1', '0.5.1' ]
109 silly lockFile 924e06a1-content-disposition-0-5-1 content-disposition@0.5.1
110 verbose lock content-disposition@0.5.1 C:\Users\lenovo\AppData\Roaming\npm-cache\924e06a1-content-disposition-0-5-1.lock
111 verbose cache add [ 'content-type@~1.0.1', null ]
112 verbose cache add name=undefined spec="content-type@~1.0.1" args=["content-type@~1.0.1",null]
113 verbose parsed url { protocol: null,
113 verbose parsed url   slashes: null,
113 verbose parsed url   auth: null,
113 verbose parsed url   host: null,
113 verbose parsed url   port: null,
113 verbose parsed url   hostname: null,
113 verbose parsed url   hash: null,
113 verbose parsed url   search: null,
113 verbose parsed url   query: null,
113 verbose parsed url   pathname: 'content-type@~1.0.1',
113 verbose parsed url   path: 'content-type@~1.0.1',
113 verbose parsed url   href: 'content-type@~1.0.1' }
114 verbose cache add name="content-type" spec="~1.0.1" args=["content-type","~1.0.1"]
115 verbose parsed url { protocol: null,
115 verbose parsed url   slashes: null,
115 verbose parsed url   auth: null,
115 verbose parsed url   host: null,
115 verbose parsed url   port: null,
115 verbose parsed url   hostname: null,
115 verbose parsed url   hash: null,
115 verbose parsed url   search: null,
115 verbose parsed url   query: null,
115 verbose parsed url   pathname: '~1.0.1',
115 verbose parsed url   path: '~1.0.1',
115 verbose parsed url   href: '~1.0.1' }
116 verbose addNamed [ 'content-type', '~1.0.1' ]
117 verbose addNamed [ null, '>=1.0.1-0 <1.1.0-0' ]
118 silly lockFile cc42bda4-content-type-1-0-1 content-type@~1.0.1
119 verbose lock content-type@~1.0.1 C:\Users\lenovo\AppData\Roaming\npm-cache\cc42bda4-content-type-1-0-1.lock
120 verbose cache add [ 'cookie@0.1.5', null ]
121 verbose cache add name=undefined spec="cookie@0.1.5" args=["cookie@0.1.5",null]
122 verbose parsed url { protocol: null,
122 verbose parsed url   slashes: null,
122 verbose parsed url   auth: null,
122 verbose parsed url   host: null,
122 verbose parsed url   port: null,
122 verbose parsed url   hostname: null,
122 verbose parsed url   hash: null,
122 verbose parsed url   search: null,
122 verbose parsed url   query: null,
122 verbose parsed url   pathname: 'cookie@0.1.5',
122 verbose parsed url   path: 'cookie@0.1.5',
122 verbose parsed url   href: 'cookie@0.1.5' }
123 verbose cache add name="cookie" spec="0.1.5" args=["cookie","0.1.5"]
124 verbose parsed url { protocol: null,
124 verbose parsed url   slashes: null,
124 verbose parsed url   auth: null,
124 verbose parsed url   host: null,
124 verbose parsed url   port: null,
124 verbose parsed url   hostname: null,
124 verbose parsed url   hash: null,
124 verbose parsed url   search: null,
124 verbose parsed url   query: null,
124 verbose parsed url   pathname: '0.1.5',
124 verbose parsed url   path: '0.1.5',
124 verbose parsed url   href: '0.1.5' }
125 verbose addNamed [ 'cookie', '0.1.5' ]
126 verbose addNamed [ '0.1.5', '0.1.5' ]
127 silly lockFile 9ce0906a-cookie-0-1-5 cookie@0.1.5
128 verbose lock cookie@0.1.5 C:\Users\lenovo\AppData\Roaming\npm-cache\9ce0906a-cookie-0-1-5.lock
129 verbose cache add [ 'cookie-signature@1.0.6', null ]
130 verbose cache add name=undefined spec="cookie-signature@1.0.6" args=["cookie-signature@1.0.6",null]
131 verbose parsed url { protocol: null,
131 verbose parsed url   slashes: null,
131 verbose parsed url   auth: null,
131 verbose parsed url   host: null,
131 verbose parsed url   port: null,
131 verbose parsed url   hostname: null,
131 verbose parsed url   hash: null,
131 verbose parsed url   search: null,
131 verbose parsed url   query: null,
131 verbose parsed url   pathname: 'cookie-signature@1.0.6',
131 verbose parsed url   path: 'cookie-signature@1.0.6',
131 verbose parsed url   href: 'cookie-signature@1.0.6' }
132 verbose cache add name="cookie-signature" spec="1.0.6" args=["cookie-signature","1.0.6"]
133 verbose parsed url { protocol: null,
133 verbose parsed url   slashes: null,
133 verbose parsed url   auth: null,
133 verbose parsed url   host: null,
133 verbose parsed url   port: null,
133 verbose parsed url   hostname: null,
133 verbose parsed url   hash: null,
133 verbose parsed url   search: null,
133 verbose parsed url   query: null,
133 verbose parsed url   pathname: '1.0.6',
133 verbose parsed url   path: '1.0.6',
133 verbose parsed url   href: '1.0.6' }
134 verbose addNamed [ 'cookie-signature', '1.0.6' ]
135 verbose addNamed [ '1.0.6', '1.0.6' ]
136 silly lockFile 73d54cec-cookie-signature-1-0-6 cookie-signature@1.0.6
137 verbose lock cookie-signature@1.0.6 C:\Users\lenovo\AppData\Roaming\npm-cache\73d54cec-cookie-signature-1-0-6.lock
138 verbose cache add [ 'debug@~2.2.0', null ]
139 verbose cache add name=undefined spec="debug@~2.2.0" args=["debug@~2.2.0",null]
140 verbose parsed url { protocol: null,
140 verbose parsed url   slashes: null,
140 verbose parsed url   auth: null,
140 verbose parsed url   host: null,
140 verbose parsed url   port: null,
140 verbose parsed url   hostname: null,
140 verbose parsed url   hash: null,
140 verbose parsed url   search: null,
140 verbose parsed url   query: null,
140 verbose parsed url   pathname: 'debug@~2.2.0',
140 verbose parsed url   path: 'debug@~2.2.0',
140 verbose parsed url   href: 'debug@~2.2.0' }
141 verbose cache add name="debug" spec="~2.2.0" args=["debug","~2.2.0"]
142 verbose parsed url { protocol: null,
142 verbose parsed url   slashes: null,
142 verbose parsed url   auth: null,
142 verbose parsed url   host: null,
142 verbose parsed url   port: null,
142 verbose parsed url   hostname: null,
142 verbose parsed url   hash: null,
142 verbose parsed url   search: null,
142 verbose parsed url   query: null,
142 verbose parsed url   pathname: '~2.2.0',
142 verbose parsed url   path: '~2.2.0',
142 verbose parsed url   href: '~2.2.0' }
143 verbose addNamed [ 'debug', '~2.2.0' ]
144 verbose addNamed [ null, '>=2.2.0-0 <2.3.0-0' ]
145 silly lockFile 7986b842-debug-2-2-0 debug@~2.2.0
146 verbose lock debug@~2.2.0 C:\Users\lenovo\AppData\Roaming\npm-cache\7986b842-debug-2-2-0.lock
147 verbose cache add [ 'depd@~1.1.0', null ]
148 verbose cache add name=undefined spec="depd@~1.1.0" args=["depd@~1.1.0",null]
149 verbose parsed url { protocol: null,
149 verbose parsed url   slashes: null,
149 verbose parsed url   auth: null,
149 verbose parsed url   host: null,
149 verbose parsed url   port: null,
149 verbose parsed url   hostname: null,
149 verbose parsed url   hash: null,
149 verbose parsed url   search: null,
149 verbose parsed url   query: null,
149 verbose parsed url   pathname: 'depd@~1.1.0',
149 verbose parsed url   path: 'depd@~1.1.0',
149 verbose parsed url   href: 'depd@~1.1.0' }
150 verbose cache add name="depd" spec="~1.1.0" args=["depd","~1.1.0"]
151 verbose parsed url { protocol: null,
151 verbose parsed url   slashes: null,
151 verbose parsed url   auth: null,
151 verbose parsed url   host: null,
151 verbose parsed url   port: null,
151 verbose parsed url   hostname: null,
151 verbose parsed url   hash: null,
151 verbose parsed url   search: null,
151 verbose parsed url   query: null,
151 verbose parsed url   pathname: '~1.1.0',
151 verbose parsed url   path: '~1.1.0',
151 verbose parsed url   href: '~1.1.0' }
152 verbose addNamed [ 'depd', '~1.1.0' ]
153 verbose addNamed [ null, '>=1.1.0-0 <1.2.0-0' ]
154 silly lockFile 99a45627-depd-1-1-0 depd@~1.1.0
155 verbose lock depd@~1.1.0 C:\Users\lenovo\AppData\Roaming\npm-cache\99a45627-depd-1-1-0.lock
156 verbose cache add [ 'escape-html@~1.0.3', null ]
157 verbose cache add name=undefined spec="escape-html@~1.0.3" args=["escape-html@~1.0.3",null]
158 verbose parsed url { protocol: null,
158 verbose parsed url   slashes: null,
158 verbose parsed url   auth: null,
158 verbose parsed url   host: null,
158 verbose parsed url   port: null,
158 verbose parsed url   hostname: null,
158 verbose parsed url   hash: null,
158 verbose parsed url   search: null,
158 verbose parsed url   query: null,
158 verbose parsed url   pathname: 'escape-html@~1.0.3',
158 verbose parsed url   path: 'escape-html@~1.0.3',
158 verbose parsed url   href: 'escape-html@~1.0.3' }
159 verbose cache add name="escape-html" spec="~1.0.3" args=["escape-html","~1.0.3"]
160 verbose parsed url { protocol: null,
160 verbose parsed url   slashes: null,
160 verbose parsed url   auth: null,
160 verbose parsed url   host: null,
160 verbose parsed url   port: null,
160 verbose parsed url   hostname: null,
160 verbose parsed url   hash: null,
160 verbose parsed url   search: null,
160 verbose parsed url   query: null,
160 verbose parsed url   pathname: '~1.0.3',
160 verbose parsed url   path: '~1.0.3',
160 verbose parsed url   href: '~1.0.3' }
161 verbose addNamed [ 'escape-html', '~1.0.3' ]
162 verbose addNamed [ null, '>=1.0.3-0 <1.1.0-0' ]
163 silly lockFile dec9df14-escape-html-1-0-3 escape-html@~1.0.3
164 verbose lock escape-html@~1.0.3 C:\Users\lenovo\AppData\Roaming\npm-cache\dec9df14-escape-html-1-0-3.lock
165 verbose cache add [ 'etag@~1.7.0', null ]
166 verbose cache add name=undefined spec="etag@~1.7.0" args=["etag@~1.7.0",null]
167 verbose parsed url { protocol: null,
167 verbose parsed url   slashes: null,
167 verbose parsed url   auth: null,
167 verbose parsed url   host: null,
167 verbose parsed url   port: null,
167 verbose parsed url   hostname: null,
167 verbose parsed url   hash: null,
167 verbose parsed url   search: null,
167 verbose parsed url   query: null,
167 verbose parsed url   pathname: 'etag@~1.7.0',
167 verbose parsed url   path: 'etag@~1.7.0',
167 verbose parsed url   href: 'etag@~1.7.0' }
168 verbose cache add name="etag" spec="~1.7.0" args=["etag","~1.7.0"]
169 verbose parsed url { protocol: null,
169 verbose parsed url   slashes: null,
169 verbose parsed url   auth: null,
169 verbose parsed url   host: null,
169 verbose parsed url   port: null,
169 verbose parsed url   hostname: null,
169 verbose parsed url   hash: null,
169 verbose parsed url   search: null,
169 verbose parsed url   query: null,
169 verbose parsed url   pathname: '~1.7.0',
169 verbose parsed url   path: '~1.7.0',
169 verbose parsed url   href: '~1.7.0' }
170 verbose addNamed [ 'etag', '~1.7.0' ]
171 verbose addNamed [ null, '>=1.7.0-0 <1.8.0-0' ]
172 silly lockFile 0dec9bda-etag-1-7-0 etag@~1.7.0
173 verbose lock etag@~1.7.0 C:\Users\lenovo\AppData\Roaming\npm-cache\0dec9bda-etag-1-7-0.lock
174 verbose cache add [ 'finalhandler@0.4.1', null ]
175 verbose cache add name=undefined spec="finalhandler@0.4.1" args=["finalhandler@0.4.1",null]
176 verbose parsed url { protocol: null,
176 verbose parsed url   slashes: null,
176 verbose parsed url   auth: null,
176 verbose parsed url   host: null,
176 verbose parsed url   port: null,
176 verbose parsed url   hostname: null,
176 verbose parsed url   hash: null,
176 verbose parsed url   search: null,
176 verbose parsed url   query: null,
176 verbose parsed url   pathname: 'finalhandler@0.4.1',
176 verbose parsed url   path: 'finalhandler@0.4.1',
176 verbose parsed url   href: 'finalhandler@0.4.1' }
177 verbose cache add name="finalhandler" spec="0.4.1" args=["finalhandler","0.4.1"]
178 verbose parsed url { protocol: null,
178 verbose parsed url   slashes: null,
178 verbose parsed url   auth: null,
178 verbose parsed url   host: null,
178 verbose parsed url   port: null,
178 verbose parsed url   hostname: null,
178 verbose parsed url   hash: null,
178 verbose parsed url   search: null,
178 verbose parsed url   query: null,
178 verbose parsed url   pathname: '0.4.1',
178 verbose parsed url   path: '0.4.1',
178 verbose parsed url   href: '0.4.1' }
179 verbose addNamed [ 'finalhandler', '0.4.1' ]
180 verbose addNamed [ '0.4.1', '0.4.1' ]
181 silly lockFile e9504ff2-finalhandler-0-4-1 finalhandler@0.4.1
182 verbose lock finalhandler@0.4.1 C:\Users\lenovo\AppData\Roaming\npm-cache\e9504ff2-finalhandler-0-4-1.lock
183 silly addNameRange { name: 'content-type',
183 silly addNameRange   range: '>=1.0.1-0 <1.1.0-0',
183 silly addNameRange   hasData: false }
184 silly addNameRange { name: 'accepts', range: '>=1.2.12-0 <1.3.0-0', hasData: false }
185 silly addNameRange { name: 'debug', range: '>=2.2.0-0 <2.3.0-0', hasData: false }
186 silly addNameRange { name: 'depd', range: '>=1.1.0-0 <1.2.0-0', hasData: false }
187 silly addNameRange { name: 'escape-html',
187 silly addNameRange   range: '>=1.0.3-0 <1.1.0-0',
187 silly addNameRange   hasData: false }
188 silly addNameRange { name: 'etag', range: '>=1.7.0-0 <1.8.0-0', hasData: false }
189 verbose url raw array-flatten/1.1.1
190 verbose url resolving [ 'https://registry.npmjs.org/', './array-flatten/1.1.1' ]
191 verbose url resolved https://registry.npmjs.org/array-flatten/1.1.1
192 info trying registry request attempt 1 at 17:16:19
193 verbose etag "ASH8HBVQTCF8ESD2ZSVA0QTV6"
194 http GET https://registry.npmjs.org/array-flatten/1.1.1
195 verbose url raw content-disposition/0.5.1
196 verbose url resolving [ 'https://registry.npmjs.org/', './content-disposition/0.5.1' ]
197 verbose url resolved https://registry.npmjs.org/content-disposition/0.5.1
198 info trying registry request attempt 1 at 17:16:19
199 verbose etag "93WGQS5MW9MSYIYH53QK786W2"
200 http GET https://registry.npmjs.org/content-disposition/0.5.1
201 verbose url raw content-type
202 verbose url resolving [ 'https://registry.npmjs.org/', './content-type' ]
203 verbose url resolved https://registry.npmjs.org/content-type
204 info trying registry request attempt 1 at 17:16:19
205 verbose etag "47J6RKVXRY0MARWDI3N08QX6R"
206 http GET https://registry.npmjs.org/content-type
207 verbose url raw accepts
208 verbose url resolving [ 'https://registry.npmjs.org/', './accepts' ]
209 verbose url resolved https://registry.npmjs.org/accepts
210 info trying registry request attempt 1 at 17:16:19
211 verbose etag "9ZWX0YA9P7QUE4SQVKSZRAPO3"
212 http GET https://registry.npmjs.org/accepts
213 verbose cache add [ 'proxy-addr@~1.0.10', null ]
214 verbose cache add name=undefined spec="proxy-addr@~1.0.10" args=["proxy-addr@~1.0.10",null]
215 verbose parsed url { protocol: null,
215 verbose parsed url   slashes: null,
215 verbose parsed url   auth: null,
215 verbose parsed url   host: null,
215 verbose parsed url   port: null,
215 verbose parsed url   hostname: null,
215 verbose parsed url   hash: null,
215 verbose parsed url   search: null,
215 verbose parsed url   query: null,
215 verbose parsed url   pathname: 'proxy-addr@~1.0.10',
215 verbose parsed url   path: 'proxy-addr@~1.0.10',
215 verbose parsed url   href: 'proxy-addr@~1.0.10' }
216 verbose cache add name="proxy-addr" spec="~1.0.10" args=["proxy-addr","~1.0.10"]
217 verbose parsed url { protocol: null,
217 verbose parsed url   slashes: null,
217 verbose parsed url   auth: null,
217 verbose parsed url   host: null,
217 verbose parsed url   port: null,
217 verbose parsed url   hostname: null,
217 verbose parsed url   hash: null,
217 verbose parsed url   search: null,
217 verbose parsed url   query: null,
217 verbose parsed url   pathname: '~1.0.10',
217 verbose parsed url   path: '~1.0.10',
217 verbose parsed url   href: '~1.0.10' }
218 verbose addNamed [ 'proxy-addr', '~1.0.10' ]
219 verbose addNamed [ null, '>=1.0.10-0 <1.1.0-0' ]
220 silly lockFile a20a428e-proxy-addr-1-0-10 proxy-addr@~1.0.10
221 verbose lock proxy-addr@~1.0.10 C:\Users\lenovo\AppData\Roaming\npm-cache\a20a428e-proxy-addr-1-0-10.lock
222 verbose cache add [ 'fresh@0.3.0', null ]
223 verbose cache add name=undefined spec="fresh@0.3.0" args=["fresh@0.3.0",null]
224 verbose parsed url { protocol: null,
224 verbose parsed url   slashes: null,
224 verbose parsed url   auth: null,
224 verbose parsed url   host: null,
224 verbose parsed url   port: null,
224 verbose parsed url   hostname: null,
224 verbose parsed url   hash: null,
224 verbose parsed url   search: null,
224 verbose parsed url   query: null,
224 verbose parsed url   pathname: 'fresh@0.3.0',
224 verbose parsed url   path: 'fresh@0.3.0',
224 verbose parsed url   href: 'fresh@0.3.0' }
225 verbose cache add name="fresh" spec="0.3.0" args=["fresh","0.3.0"]
226 verbose parsed url { protocol: null,
226 verbose parsed url   slashes: null,
226 verbose parsed url   auth: null,
226 verbose parsed url   host: null,
226 verbose parsed url   port: null,
226 verbose parsed url   hostname: null,
226 verbose parsed url   hash: null,
226 verbose parsed url   search: null,
226 verbose parsed url   query: null,
226 verbose parsed url   pathname: '0.3.0',
226 verbose parsed url   path: '0.3.0',
226 verbose parsed url   href: '0.3.0' }
227 verbose addNamed [ 'fresh', '0.3.0' ]
228 verbose addNamed [ '0.3.0', '0.3.0' ]
229 silly lockFile 9c3d20cb-fresh-0-3-0 fresh@0.3.0
230 verbose lock fresh@0.3.0 C:\Users\lenovo\AppData\Roaming\npm-cache\9c3d20cb-fresh-0-3-0.lock
231 verbose cache add [ 'qs@4.0.0', null ]
232 verbose cache add name=undefined spec="qs@4.0.0" args=["qs@4.0.0",null]
233 verbose parsed url { protocol: null,
233 verbose parsed url   slashes: null,
233 verbose parsed url   auth: null,
233 verbose parsed url   host: null,
233 verbose parsed url   port: null,
233 verbose parsed url   hostname: null,
233 verbose parsed url   hash: null,
233 verbose parsed url   search: null,
233 verbose parsed url   query: null,
233 verbose parsed url   pathname: 'qs@4.0.0',
233 verbose parsed url   path: 'qs@4.0.0',
233 verbose parsed url   href: 'qs@4.0.0' }
234 verbose cache add name="qs" spec="4.0.0" args=["qs","4.0.0"]
235 verbose parsed url { protocol: null,
235 verbose parsed url   slashes: null,
235 verbose parsed url   auth: null,
235 verbose parsed url   host: null,
235 verbose parsed url   port: null,
235 verbose parsed url   hostname: null,
235 verbose parsed url   hash: null,
235 verbose parsed url   search: null,
235 verbose parsed url   query: null,
235 verbose parsed url   pathname: '4.0.0',
235 verbose parsed url   path: '4.0.0',
235 verbose parsed url   href: '4.0.0' }
236 verbose addNamed [ 'qs', '4.0.0' ]
237 verbose addNamed [ '4.0.0', '4.0.0' ]
238 silly lockFile 4b52a1c4-qs-4-0-0 qs@4.0.0
239 verbose lock qs@4.0.0 C:\Users\lenovo\AppData\Roaming\npm-cache\4b52a1c4-qs-4-0-0.lock
240 verbose cache add [ 'merge-descriptors@1.0.1', null ]
241 verbose cache add name=undefined spec="merge-descriptors@1.0.1" args=["merge-descriptors@1.0.1",null]
242 verbose parsed url { protocol: null,
242 verbose parsed url   slashes: null,
242 verbose parsed url   auth: null,
242 verbose parsed url   host: null,
242 verbose parsed url   port: null,
242 verbose parsed url   hostname: null,
242 verbose parsed url   hash: null,
242 verbose parsed url   search: null,
242 verbose parsed url   query: null,
242 verbose parsed url   pathname: 'merge-descriptors@1.0.1',
242 verbose parsed url   path: 'merge-descriptors@1.0.1',
242 verbose parsed url   href: 'merge-descriptors@1.0.1' }
243 verbose cache add name="merge-descriptors" spec="1.0.1" args=["merge-descriptors","1.0.1"]
244 verbose parsed url { protocol: null,
244 verbose parsed url   slashes: null,
244 verbose parsed url   auth: null,
244 verbose parsed url   host: null,
244 verbose parsed url   port: null,
244 verbose parsed url   hostname: null,
244 verbose parsed url   hash: null,
244 verbose parsed url   search: null,
244 verbose parsed url   query: null,
244 verbose parsed url   pathname: '1.0.1',
244 verbose parsed url   path: '1.0.1',
244 verbose parsed url   href: '1.0.1' }
245 verbose addNamed [ 'merge-descriptors', '1.0.1' ]
246 verbose addNamed [ '1.0.1', '1.0.1' ]
247 silly lockFile 21a49ad4-merge-descriptors-1-0-1 merge-descriptors@1.0.1
248 verbose lock merge-descriptors@1.0.1 C:\Users\lenovo\AppData\Roaming\npm-cache\21a49ad4-merge-descriptors-1-0-1.lock
249 verbose cache add [ 'range-parser@~1.0.3', null ]
250 verbose cache add name=undefined spec="range-parser@~1.0.3" args=["range-parser@~1.0.3",null]
251 verbose parsed url { protocol: null,
251 verbose parsed url   slashes: null,
251 verbose parsed url   auth: null,
251 verbose parsed url   host: null,
251 verbose parsed url   port: null,
251 verbose parsed url   hostname: null,
251 verbose parsed url   hash: null,
251 verbose parsed url   search: null,
251 verbose parsed url   query: null,
251 verbose parsed url   pathname: 'range-parser@~1.0.3',
251 verbose parsed url   path: 'range-parser@~1.0.3',
251 verbose parsed url   href: 'range-parser@~1.0.3' }
252 verbose cache add name="range-parser" spec="~1.0.3" args=["range-parser","~1.0.3"]
253 verbose parsed url { protocol: null,
253 verbose parsed url   slashes: null,
253 verbose parsed url   auth: null,
253 verbose parsed url   host: null,
253 verbose parsed url   port: null,
253 verbose parsed url   hostname: null,
253 verbose parsed url   hash: null,
253 verbose parsed url   search: null,
253 verbose parsed url   query: null,
253 verbose parsed url   pathname: '~1.0.3',
253 verbose parsed url   path: '~1.0.3',
253 verbose parsed url   href: '~1.0.3' }
254 verbose addNamed [ 'range-parser', '~1.0.3' ]
255 verbose addNamed [ null, '>=1.0.3-0 <1.1.0-0' ]
256 silly lockFile ef84a4e5-range-parser-1-0-3 range-parser@~1.0.3
257 verbose lock range-parser@~1.0.3 C:\Users\lenovo\AppData\Roaming\npm-cache\ef84a4e5-range-parser-1-0-3.lock
258 verbose cache add [ 'methods@~1.1.2', null ]
259 verbose cache add name=undefined spec="methods@~1.1.2" args=["methods@~1.1.2",null]
260 verbose parsed url { protocol: null,
260 verbose parsed url   slashes: null,
260 verbose parsed url   auth: null,
260 verbose parsed url   host: null,
260 verbose parsed url   port: null,
260 verbose parsed url   hostname: null,
260 verbose parsed url   hash: null,
260 verbose parsed url   search: null,
260 verbose parsed url   query: null,
260 verbose parsed url   pathname: 'methods@~1.1.2',
260 verbose parsed url   path: 'methods@~1.1.2',
260 verbose parsed url   href: 'methods@~1.1.2' }
261 verbose cache add name="methods" spec="~1.1.2" args=["methods","~1.1.2"]
262 verbose parsed url { protocol: null,
262 verbose parsed url   slashes: null,
262 verbose parsed url   auth: null,
262 verbose parsed url   host: null,
262 verbose parsed url   port: null,
262 verbose parsed url   hostname: null,
262 verbose parsed url   hash: null,
262 verbose parsed url   search: null,
262 verbose parsed url   query: null,
262 verbose parsed url   pathname: '~1.1.2',
262 verbose parsed url   path: '~1.1.2',
262 verbose parsed url   href: '~1.1.2' }
263 verbose addNamed [ 'methods', '~1.1.2' ]
264 verbose addNamed [ null, '>=1.1.2-0 <1.2.0-0' ]
265 silly lockFile 453badce-methods-1-1-2 methods@~1.1.2
266 verbose lock methods@~1.1.2 C:\Users\lenovo\AppData\Roaming\npm-cache\453badce-methods-1-1-2.lock
267 verbose cache add [ 'send@0.13.1', null ]
268 verbose cache add name=undefined spec="send@0.13.1" args=["send@0.13.1",null]
269 verbose parsed url { protocol: null,
269 verbose parsed url   slashes: null,
269 verbose parsed url   auth: null,
269 verbose parsed url   host: null,
269 verbose parsed url   port: null,
269 verbose parsed url   hostname: null,
269 verbose parsed url   hash: null,
269 verbose parsed url   search: null,
269 verbose parsed url   query: null,
269 verbose parsed url   pathname: 'send@0.13.1',
269 verbose parsed url   path: 'send@0.13.1',
269 verbose parsed url   href: 'send@0.13.1' }
270 verbose cache add name="send" spec="0.13.1" args=["send","0.13.1"]
271 verbose parsed url { protocol: null,
271 verbose parsed url   slashes: null,
271 verbose parsed url   auth: null,
271 verbose parsed url   host: null,
271 verbose parsed url   port: null,
271 verbose parsed url   hostname: null,
271 verbose parsed url   hash: null,
271 verbose parsed url   search: null,
271 verbose parsed url   query: null,
271 verbose parsed url   pathname: '0.13.1',
271 verbose parsed url   path: '0.13.1',
271 verbose parsed url   href: '0.13.1' }
272 verbose addNamed [ 'send', '0.13.1' ]
273 verbose addNamed [ '0.13.1', '0.13.1' ]
274 silly lockFile ae92e911-send-0-13-1 send@0.13.1
275 verbose lock send@0.13.1 C:\Users\lenovo\AppData\Roaming\npm-cache\ae92e911-send-0-13-1.lock
276 verbose cache add [ 'on-finished@~2.3.0', null ]
277 verbose cache add name=undefined spec="on-finished@~2.3.0" args=["on-finished@~2.3.0",null]
278 verbose parsed url { protocol: null,
278 verbose parsed url   slashes: null,
278 verbose parsed url   auth: null,
278 verbose parsed url   host: null,
278 verbose parsed url   port: null,
278 verbose parsed url   hostname: null,
278 verbose parsed url   hash: null,
278 verbose parsed url   search: null,
278 verbose parsed url   query: null,
278 verbose parsed url   pathname: 'on-finished@~2.3.0',
278 verbose parsed url   path: 'on-finished@~2.3.0',
278 verbose parsed url   href: 'on-finished@~2.3.0' }
279 verbose cache add name="on-finished" spec="~2.3.0" args=["on-finished","~2.3.0"]
280 verbose parsed url { protocol: null,
280 verbose parsed url   slashes: null,
280 verbose parsed url   auth: null,
280 verbose parsed url   host: null,
280 verbose parsed url   port: null,
280 verbose parsed url   hostname: null,
280 verbose parsed url   hash: null,
280 verbose parsed url   search: null,
280 verbose parsed url   query: null,
280 verbose parsed url   pathname: '~2.3.0',
280 verbose parsed url   path: '~2.3.0',
280 verbose parsed url   href: '~2.3.0' }
281 verbose addNamed [ 'on-finished', '~2.3.0' ]
282 verbose addNamed [ null, '>=2.3.0-0 <2.4.0-0' ]
283 silly lockFile 5dda6b83-on-finished-2-3-0 on-finished@~2.3.0
284 verbose lock on-finished@~2.3.0 C:\Users\lenovo\AppData\Roaming\npm-cache\5dda6b83-on-finished-2-3-0.lock
285 verbose cache add [ 'serve-static@~1.10.2', null ]
286 verbose cache add name=undefined spec="serve-static@~1.10.2" args=["serve-static@~1.10.2",null]
287 verbose parsed url { protocol: null,
287 verbose parsed url   slashes: null,
287 verbose parsed url   auth: null,
287 verbose parsed url   host: null,
287 verbose parsed url   port: null,
287 verbose parsed url   hostname: null,
287 verbose parsed url   hash: null,
287 verbose parsed url   search: null,
287 verbose parsed url   query: null,
287 verbose parsed url   pathname: 'serve-static@~1.10.2',
287 verbose parsed url   path: 'serve-static@~1.10.2',
287 verbose parsed url   href: 'serve-static@~1.10.2' }
288 verbose cache add name="serve-static" spec="~1.10.2" args=["serve-static","~1.10.2"]
289 verbose parsed url { protocol: null,
289 verbose parsed url   slashes: null,
289 verbose parsed url   auth: null,
289 verbose parsed url   host: null,
289 verbose parsed url   port: null,
289 verbose parsed url   hostname: null,
289 verbose parsed url   hash: null,
289 verbose parsed url   search: null,
289 verbose parsed url   query: null,
289 verbose parsed url   pathname: '~1.10.2',
289 verbose parsed url   path: '~1.10.2',
289 verbose parsed url   href: '~1.10.2' }
290 verbose addNamed [ 'serve-static', '~1.10.2' ]
291 verbose addNamed [ null, '>=1.10.2-0 <1.11.0-0' ]
292 silly lockFile a0a89f78-serve-static-1-10-2 serve-static@~1.10.2
293 verbose lock serve-static@~1.10.2 C:\Users\lenovo\AppData\Roaming\npm-cache\a0a89f78-serve-static-1-10-2.lock
294 verbose cache add [ 'parseurl@~1.3.1', null ]
295 verbose cache add name=undefined spec="parseurl@~1.3.1" args=["parseurl@~1.3.1",null]
296 verbose parsed url { protocol: null,
296 verbose parsed url   slashes: null,
296 verbose parsed url   auth: null,
296 verbose parsed url   host: null,
296 verbose parsed url   port: null,
296 verbose parsed url   hostname: null,
296 verbose parsed url   hash: null,
296 verbose parsed url   search: null,
296 verbose parsed url   query: null,
296 verbose parsed url   pathname: 'parseurl@~1.3.1',
296 verbose parsed url   path: 'parseurl@~1.3.1',
296 verbose parsed url   href: 'parseurl@~1.3.1' }
297 verbose cache add name="parseurl" spec="~1.3.1" args=["parseurl","~1.3.1"]
298 verbose parsed url { protocol: null,
298 verbose parsed url   slashes: null,
298 verbose parsed url   auth: null,
298 verbose parsed url   host: null,
298 verbose parsed url   port: null,
298 verbose parsed url   hostname: null,
298 verbose parsed url   hash: null,
298 verbose parsed url   search: null,
298 verbose parsed url   query: null,
298 verbose parsed url   pathname: '~1.3.1',
298 verbose parsed url   path: '~1.3.1',
298 verbose parsed url   href: '~1.3.1' }
299 verbose addNamed [ 'parseurl', '~1.3.1' ]
300 verbose addNamed [ null, '>=1.3.1-0 <1.4.0-0' ]
301 silly lockFile 580d4936-parseurl-1-3-1 parseurl@~1.3.1
302 verbose lock parseurl@~1.3.1 C:\Users\lenovo\AppData\Roaming\npm-cache\580d4936-parseurl-1-3-1.lock
303 verbose cache add [ 'type-is@~1.6.6', null ]
304 verbose cache add name=undefined spec="type-is@~1.6.6" args=["type-is@~1.6.6",null]
305 verbose parsed url { protocol: null,
305 verbose parsed url   slashes: null,
305 verbose parsed url   auth: null,
305 verbose parsed url   host: null,
305 verbose parsed url   port: null,
305 verbose parsed url   hostname: null,
305 verbose parsed url   hash: null,
305 verbose parsed url   search: null,
305 verbose parsed url   query: null,
305 verbose parsed url   pathname: 'type-is@~1.6.6',
305 verbose parsed url   path: 'type-is@~1.6.6',
305 verbose parsed url   href: 'type-is@~1.6.6' }
306 verbose cache add name="type-is" spec="~1.6.6" args=["type-is","~1.6.6"]
307 verbose parsed url { protocol: null,
307 verbose parsed url   slashes: null,
307 verbose parsed url   auth: null,
307 verbose parsed url   host: null,
307 verbose parsed url   port: null,
307 verbose parsed url   hostname: null,
307 verbose parsed url   hash: null,
307 verbose parsed url   search: null,
307 verbose parsed url   query: null,
307 verbose parsed url   pathname: '~1.6.6',
307 verbose parsed url   path: '~1.6.6',
307 verbose parsed url   href: '~1.6.6' }
308 verbose addNamed [ 'type-is', '~1.6.6' ]
309 verbose addNamed [ null, '>=1.6.6-0 <1.7.0-0' ]
310 silly lockFile 6279ce6a-type-is-1-6-6 type-is@~1.6.6
311 verbose lock type-is@~1.6.6 C:\Users\lenovo\AppData\Roaming\npm-cache\6279ce6a-type-is-1-6-6.lock
312 verbose cache add [ 'path-to-regexp@0.1.7', null ]
313 verbose cache add name=undefined spec="path-to-regexp@0.1.7" args=["path-to-regexp@0.1.7",null]
314 verbose parsed url { protocol: null,
314 verbose parsed url   slashes: null,
314 verbose parsed url   auth: null,
314 verbose parsed url   host: null,
314 verbose parsed url   port: null,
314 verbose parsed url   hostname: null,
314 verbose parsed url   hash: null,
314 verbose parsed url   search: null,
314 verbose parsed url   query: null,
314 verbose parsed url   pathname: 'path-to-regexp@0.1.7',
314 verbose parsed url   path: 'path-to-regexp@0.1.7',
314 verbose parsed url   href: 'path-to-regexp@0.1.7' }
315 verbose cache add name="path-to-regexp" spec="0.1.7" args=["path-to-regexp","0.1.7"]
316 verbose parsed url { protocol: null,
316 verbose parsed url   slashes: null,
316 verbose parsed url   auth: null,
316 verbose parsed url   host: null,
316 verbose parsed url   port: null,
316 verbose parsed url   hostname: null,
316 verbose parsed url   hash: null,
316 verbose parsed url   search: null,
316 verbose parsed url   query: null,
316 verbose parsed url   pathname: '0.1.7',
316 verbose parsed url   path: '0.1.7',
316 verbose parsed url   href: '0.1.7' }
317 verbose addNamed [ 'path-to-regexp', '0.1.7' ]
318 verbose addNamed [ '0.1.7', '0.1.7' ]
319 silly lockFile e136b900-path-to-regexp-0-1-7 path-to-regexp@0.1.7
320 verbose lock path-to-regexp@0.1.7 C:\Users\lenovo\AppData\Roaming\npm-cache\e136b900-path-to-regexp-0-1-7.lock
321 verbose cache add [ 'utils-merge@1.0.0', null ]
322 verbose cache add name=undefined spec="utils-merge@1.0.0" args=["utils-merge@1.0.0",null]
323 verbose parsed url { protocol: null,
323 verbose parsed url   slashes: null,
323 verbose parsed url   auth: null,
323 verbose parsed url   host: null,
323 verbose parsed url   port: null,
323 verbose parsed url   hostname: null,
323 verbose parsed url   hash: null,
323 verbose parsed url   search: null,
323 verbose parsed url   query: null,
323 verbose parsed url   pathname: 'utils-merge@1.0.0',
323 verbose parsed url   path: 'utils-merge@1.0.0',
323 verbose parsed url   href: 'utils-merge@1.0.0' }
324 verbose cache add name="utils-merge" spec="1.0.0" args=["utils-merge","1.0.0"]
325 verbose parsed url { protocol: null,
325 verbose parsed url   slashes: null,
325 verbose parsed url   auth: null,
325 verbose parsed url   host: null,
325 verbose parsed url   port: null,
325 verbose parsed url   hostname: null,
325 verbose parsed url   hash: null,
325 verbose parsed url   search: null,
325 verbose parsed url   query: null,
325 verbose parsed url   pathname: '1.0.0',
325 verbose parsed url   path: '1.0.0',
325 verbose parsed url   href: '1.0.0' }
326 verbose addNamed [ 'utils-merge', '1.0.0' ]
327 verbose addNamed [ '1.0.0', '1.0.0' ]
328 silly lockFile f563025b-utils-merge-1-0-0 utils-merge@1.0.0
329 verbose lock utils-merge@1.0.0 C:\Users\lenovo\AppData\Roaming\npm-cache\f563025b-utils-merge-1-0-0.lock
330 verbose cache add [ 'vary@~1.0.1', null ]
331 verbose cache add name=undefined spec="vary@~1.0.1" args=["vary@~1.0.1",null]
332 verbose parsed url { protocol: null,
332 verbose parsed url   slashes: null,
332 verbose parsed url   auth: null,
332 verbose parsed url   host: null,
332 verbose parsed url   port: null,
332 verbose parsed url   hostname: null,
332 verbose parsed url   hash: null,
332 verbose parsed url   search: null,
332 verbose parsed url   query: null,
332 verbose parsed url   pathname: 'vary@~1.0.1',
332 verbose parsed url   path: 'vary@~1.0.1',
332 verbose parsed url   href: 'vary@~1.0.1' }
333 verbose cache add name="vary" spec="~1.0.1" args=["vary","~1.0.1"]
334 verbose parsed url { protocol: null,
334 verbose parsed url   slashes: null,
334 verbose parsed url   auth: null,
334 verbose parsed url   host: null,
334 verbose parsed url   port: null,
334 verbose parsed url   hostname: null,
334 verbose parsed url   hash: null,
334 verbose parsed url   search: null,
334 verbose parsed url   query: null,
334 verbose parsed url   pathname: '~1.0.1',
334 verbose parsed url   path: '~1.0.1',
334 verbose parsed url   href: '~1.0.1' }
335 verbose addNamed [ 'vary', '~1.0.1' ]
336 verbose addNamed [ null, '>=1.0.1-0 <1.1.0-0' ]
337 silly lockFile 15c4ac03-vary-1-0-1 vary@~1.0.1
338 verbose lock vary@~1.0.1 C:\Users\lenovo\AppData\Roaming\npm-cache\15c4ac03-vary-1-0-1.lock
339 verbose url raw cookie/0.1.5
340 verbose url resolving [ 'https://registry.npmjs.org/', './cookie/0.1.5' ]
341 verbose url resolved https://registry.npmjs.org/cookie/0.1.5
342 info trying registry request attempt 1 at 17:16:19
343 verbose etag "DYCE848E7K29Y73P4DUE9LHCR"
344 http GET https://registry.npmjs.org/cookie/0.1.5
345 verbose url raw debug
346 verbose url resolving [ 'https://registry.npmjs.org/', './debug' ]
347 verbose url resolved https://registry.npmjs.org/debug
348 info trying registry request attempt 1 at 17:16:19
349 verbose etag "1TQB5M39B6ZS7TOMZ4ZNDMVTN"
350 http GET https://registry.npmjs.org/debug
351 verbose url raw cookie-signature/1.0.6
352 verbose url resolving [ 'https://registry.npmjs.org/', './cookie-signature/1.0.6' ]
353 verbose url resolved https://registry.npmjs.org/cookie-signature/1.0.6
354 info trying registry request attempt 1 at 17:16:19
355 verbose etag "9AG3R5JH5HMV65ARYCI0N9W2P"
356 http GET https://registry.npmjs.org/cookie-signature/1.0.6
357 verbose url raw escape-html
358 verbose url resolving [ 'https://registry.npmjs.org/', './escape-html' ]
359 verbose url resolved https://registry.npmjs.org/escape-html
360 info trying registry request attempt 1 at 17:16:19
361 verbose etag "1YNNTHWE6AK1WREIMH2EU3K9H"
362 http GET https://registry.npmjs.org/escape-html
363 verbose url raw depd
364 verbose url resolving [ 'https://registry.npmjs.org/', './depd' ]
365 verbose url resolved https://registry.npmjs.org/depd
366 info trying registry request attempt 1 at 17:16:19
367 verbose etag "2IUBEEQSLE6DHP0TKJC7QMY81"
368 http GET https://registry.npmjs.org/depd
369 verbose url raw etag
370 verbose url resolving [ 'https://registry.npmjs.org/', './etag' ]
371 verbose url resolved https://registry.npmjs.org/etag
372 info trying registry request attempt 1 at 17:16:19
373 verbose etag "AZYWGCIX9T50UT6MN0HU3170L"
374 http GET https://registry.npmjs.org/etag
375 verbose url raw finalhandler/0.4.1
376 verbose url resolving [ 'https://registry.npmjs.org/', './finalhandler/0.4.1' ]
377 verbose url resolved https://registry.npmjs.org/finalhandler/0.4.1
378 info trying registry request attempt 1 at 17:16:19
379 verbose etag "EM4WSCMWWJ0BJTE1AR7IHT7LD"
380 http GET https://registry.npmjs.org/finalhandler/0.4.1
381 silly addNameRange { name: 'proxy-addr',
381 silly addNameRange   range: '>=1.0.10-0 <1.1.0-0',
381 silly addNameRange   hasData: false }
382 silly addNameRange { name: 'range-parser',
382 silly addNameRange   range: '>=1.0.3-0 <1.1.0-0',
382 silly addNameRange   hasData: false }
383 silly addNameRange { name: 'methods', range: '>=1.1.2-0 <1.2.0-0', hasData: false }
384 silly addNameRange { name: 'serve-static',
384 silly addNameRange   range: '>=1.10.2-0 <1.11.0-0',
384 silly addNameRange   hasData: false }
385 silly addNameRange { name: 'on-finished',
385 silly addNameRange   range: '>=2.3.0-0 <2.4.0-0',
385 silly addNameRange   hasData: false }
386 silly addNameRange { name: 'parseurl', range: '>=1.3.1-0 <1.4.0-0', hasData: false }
387 silly addNameRange { name: 'type-is', range: '>=1.6.6-0 <1.7.0-0', hasData: false }
388 silly addNameRange { name: 'vary', range: '>=1.0.1-0 <1.1.0-0', hasData: false }
389 verbose url raw path-to-regexp/0.1.7
390 verbose url resolving [ 'https://registry.npmjs.org/', './path-to-regexp/0.1.7' ]
391 verbose url resolved https://registry.npmjs.org/path-to-regexp/0.1.7
392 info trying registry request attempt 1 at 17:16:19
393 http GET https://registry.npmjs.org/path-to-regexp/0.1.7
394 verbose url raw proxy-addr
395 verbose url resolving [ 'https://registry.npmjs.org/', './proxy-addr' ]
396 verbose url resolved https://registry.npmjs.org/proxy-addr
397 info trying registry request attempt 1 at 17:16:19
398 verbose etag "33U2WX497YRIQBLEG9GDQA8UA"
399 http GET https://registry.npmjs.org/proxy-addr
400 verbose url raw fresh/0.3.0
401 verbose url resolving [ 'https://registry.npmjs.org/', './fresh/0.3.0' ]
402 verbose url resolved https://registry.npmjs.org/fresh/0.3.0
403 info trying registry request attempt 1 at 17:16:19
404 verbose etag "275FBQ7DYYZ88WZ6SWZ0PBCR1"
405 http GET https://registry.npmjs.org/fresh/0.3.0
406 verbose url raw merge-descriptors/1.0.1
407 verbose url resolving [ 'https://registry.npmjs.org/', './merge-descriptors/1.0.1' ]
408 verbose url resolved https://registry.npmjs.org/merge-descriptors/1.0.1
409 info trying registry request attempt 1 at 17:16:19
410 verbose etag "41ARZW1YKFK31O006EGJFVUB4"
411 http GET https://registry.npmjs.org/merge-descriptors/1.0.1
412 verbose url raw qs/4.0.0
413 verbose url resolving [ 'https://registry.npmjs.org/', './qs/4.0.0' ]
414 verbose url resolved https://registry.npmjs.org/qs/4.0.0
415 info trying registry request attempt 1 at 17:16:19
416 verbose etag "7RDJMGOR7BT1HG7SVYU0GG93X"
417 http GET https://registry.npmjs.org/qs/4.0.0
418 verbose url raw range-parser
419 verbose url resolving [ 'https://registry.npmjs.org/', './range-parser' ]
420 verbose url resolved https://registry.npmjs.org/range-parser
421 info trying registry request attempt 1 at 17:16:19
422 verbose etag "4UJBODAL41VKYCNRX6BBMBIF7"
423 http GET https://registry.npmjs.org/range-parser
424 verbose url raw methods
425 verbose url resolving [ 'https://registry.npmjs.org/', './methods' ]
426 verbose url resolved https://registry.npmjs.org/methods
427 info trying registry request attempt 1 at 17:16:19
428 verbose etag "A1PHPSQRGFQ0WGUCHHX8ELIP4"
429 http GET https://registry.npmjs.org/methods
430 verbose url raw send/0.13.1
431 verbose url resolving [ 'https://registry.npmjs.org/', './send/0.13.1' ]
432 verbose url resolved https://registry.npmjs.org/send/0.13.1
433 info trying registry request attempt 1 at 17:16:19
434 verbose etag "E3TWJQBA3XL37U9M205VWQL4E"
435 http GET https://registry.npmjs.org/send/0.13.1
436 verbose url raw serve-static
437 verbose url resolving [ 'https://registry.npmjs.org/', './serve-static' ]
438 verbose url resolved https://registry.npmjs.org/serve-static
439 info trying registry request attempt 1 at 17:16:19
440 verbose etag "EDD6WN3WOBPWYTXEQM58CVIMI"
441 http GET https://registry.npmjs.org/serve-static
442 verbose url raw on-finished
443 verbose url resolving [ 'https://registry.npmjs.org/', './on-finished' ]
444 verbose url resolved https://registry.npmjs.org/on-finished
445 info trying registry request attempt 1 at 17:16:19
446 verbose etag "5HI975RQQ4ZMWO79KX96Q7Y6V"
447 http GET https://registry.npmjs.org/on-finished
448 verbose url raw parseurl
449 verbose url resolving [ 'https://registry.npmjs.org/', './parseurl' ]
450 verbose url resolved https://registry.npmjs.org/parseurl
451 info trying registry request attempt 1 at 17:16:19
452 verbose etag "3OD2OAIILMQU2KA4462IDBY0F"
453 http GET https://registry.npmjs.org/parseurl
454 verbose url raw type-is
455 verbose url resolving [ 'https://registry.npmjs.org/', './type-is' ]
456 verbose url resolved https://registry.npmjs.org/type-is
457 info trying registry request attempt 1 at 17:16:19
458 verbose etag "6U07TRN3A2GJ58C2D98LAIZCJ"
459 http GET https://registry.npmjs.org/type-is
460 verbose url raw utils-merge/1.0.0
461 verbose url resolving [ 'https://registry.npmjs.org/', './utils-merge/1.0.0' ]
462 verbose url resolved https://registry.npmjs.org/utils-merge/1.0.0
463 info trying registry request attempt 1 at 17:16:19
464 verbose etag "2ADZRMWMWURG65J1I1PZGOZ1N"
465 http GET https://registry.npmjs.org/utils-merge/1.0.0
466 verbose url raw vary
467 verbose url resolving [ 'https://registry.npmjs.org/', './vary' ]
468 verbose url resolved https://registry.npmjs.org/vary
469 info trying registry request attempt 1 at 17:16:19
470 verbose etag "79GC2AZSINZ5HSNCG6Q4N5AOM"
471 http GET https://registry.npmjs.org/vary
472 http 304 https://registry.npmjs.org/array-flatten/1.1.1
473 silly registry.get cb [ 304,
473 silly registry.get   { date: 'Thu, 07 Apr 2016 09:16:17 GMT',
473 silly registry.get     via: '1.1 varnish',
473 silly registry.get     'cache-control': 'max-age=300',
473 silly registry.get     etag: '"ASH8HBVQTCF8ESD2ZSVA0QTV6"',
473 silly registry.get     age: '120',
473 silly registry.get     connection: 'keep-alive',
473 silly registry.get     'x-served-by': 'cache-nrt6123-NRT',
473 silly registry.get     'x-cache': 'HIT',
473 silly registry.get     'x-cache-hits': '74',
473 silly registry.get     'x-timer': 'S1460020577.531121,VS0,VE0',
473 silly registry.get     vary: 'Accept' } ]
474 verbose etag array-flatten/1.1.1 from cache
475 http 304 https://registry.npmjs.org/content-type
476 silly registry.get cb [ 304,
476 silly registry.get   { date: 'Thu, 07 Apr 2016 09:16:17 GMT',
476 silly registry.get     via: '1.1 varnish',
476 silly registry.get     'cache-control': 'max-age=300',
476 silly registry.get     etag: '"47J6RKVXRY0MARWDI3N08QX6R"',
476 silly registry.get     age: '52',
476 silly registry.get     connection: 'keep-alive',
476 silly registry.get     'x-served-by': 'cache-nrt6127-NRT',
476 silly registry.get     'x-cache': 'HIT',
476 silly registry.get     'x-cache-hits': '1',
476 silly registry.get     'x-timer': 'S1460020577.533209,VS0,VE0',
476 silly registry.get     vary: 'Accept-Encoding' } ]
477 verbose etag content-type from cache
478 silly addNameRange number 2 { name: 'content-type',
478 silly addNameRange   range: '>=1.0.1-0 <1.1.0-0',
478 silly addNameRange   hasData: true }
479 silly addNameRange versions [ 'content-type', [ '0.0.1', '1.0.0', '1.0.1' ] ]
480 verbose addNamed [ 'content-type', '1.0.1' ]
481 verbose addNamed [ '1.0.1', '1.0.1' ]
482 silly lockFile c521c57e-content-type-1-0-1 content-type@1.0.1
483 verbose lock content-type@1.0.1 C:\Users\lenovo\AppData\Roaming\npm-cache\c521c57e-content-type-1-0-1.lock
484 silly lockFile 032f80b8-array-flatten-1-1-1 array-flatten@1.1.1
485 silly lockFile 032f80b8-array-flatten-1-1-1 array-flatten@1.1.1
486 http 304 https://registry.npmjs.org/cookie/0.1.5
487 silly registry.get cb [ 304,
487 silly registry.get   { date: 'Thu, 07 Apr 2016 09:16:17 GMT',
487 silly registry.get     via: '1.1 varnish',
487 silly registry.get     'cache-control': 'max-age=300',
487 silly registry.get     etag: '"DYCE848E7K29Y73P4DUE9LHCR"',
487 silly registry.get     age: '120',
487 silly registry.get     connection: 'keep-alive',
487 silly registry.get     'x-served-by': 'cache-nrt6134-NRT',
487 silly registry.get     'x-cache': 'HIT',
487 silly registry.get     'x-cache-hits': '1',
487 silly registry.get     'x-timer': 'S1460020577.552742,VS0,VE0',
487 silly registry.get     vary: 'Accept' } ]
488 verbose etag cookie/0.1.5 from cache
489 silly lockFile c521c57e-content-type-1-0-1 content-type@1.0.1
490 silly lockFile c521c57e-content-type-1-0-1 content-type@1.0.1
491 silly lockFile cc42bda4-content-type-1-0-1 content-type@~1.0.1
492 silly lockFile cc42bda4-content-type-1-0-1 content-type@~1.0.1
493 silly lockFile 9ce0906a-cookie-0-1-5 cookie@0.1.5
494 silly lockFile 9ce0906a-cookie-0-1-5 cookie@0.1.5
495 http 304 https://registry.npmjs.org/accepts
496 silly registry.get cb [ 304,
496 silly registry.get   { date: 'Thu, 07 Apr 2016 09:16:17 GMT',
496 silly registry.get     via: '1.1 varnish',
496 silly registry.get     'cache-control': 'max-age=300',
496 silly registry.get     etag: '"9ZWX0YA9P7QUE4SQVKSZRAPO3"',
496 silly registry.get     age: '50',
496 silly registry.get     connection: 'keep-alive',
496 silly registry.get     'x-served-by': 'cache-nrt6129-NRT',
496 silly registry.get     'x-cache': 'HIT',
496 silly registry.get     'x-cache-hits': '30',
496 silly registry.get     'x-timer': 'S1460020577.558694,VS0,VE0',
496 silly registry.get     vary: 'Accept-Encoding' } ]
497 verbose etag accepts from cache
498 silly addNameRange number 2 { name: 'accepts', range: '>=1.2.12-0 <1.3.0-0', hasData: true }
499 silly addNameRange versions [ 'accepts',
499 silly addNameRange   [ '1.0.0',
499 silly addNameRange     '1.0.1',
499 silly addNameRange     '1.0.2',
499 silly addNameRange     '1.0.3',
499 silly addNameRange     '1.0.4',
499 silly addNameRange     '1.0.5',
499 silly addNameRange     '1.0.6',
499 silly addNameRange     '1.0.7',
499 silly addNameRange     '1.1.0',
499 silly addNameRange     '1.1.1',
499 silly addNameRange     '1.1.2',
499 silly addNameRange     '1.1.3',
499 silly addNameRange     '1.1.4',
499 silly addNameRange     '1.2.0',
499 silly addNameRange     '1.2.1',
499 silly addNameRange     '1.2.2',
499 silly addNameRange     '1.2.3',
499 silly addNameRange     '1.2.4',
499 silly addNameRange     '1.2.5',
499 silly addNameRange     '1.2.6',
499 silly addNameRange     '1.2.7',
499 silly addNameRange     '1.2.8',
499 silly addNameRange     '1.2.9',
499 silly addNameRange     '1.2.10',
499 silly addNameRange     '1.2.11',
499 silly addNameRange     '1.2.12',
499 silly addNameRange     '1.2.13',
499 silly addNameRange     '1.3.0',
499 silly addNameRange     '1.3.1',
499 silly addNameRange     '1.3.2' ] ]
500 verbose addNamed [ 'accepts', '1.2.13' ]
501 verbose addNamed [ '1.2.13', '1.2.13' ]
502 silly lockFile 43daa763-accepts-1-2-13 accepts@1.2.13
503 verbose lock accepts@1.2.13 C:\Users\lenovo\AppData\Roaming\npm-cache\43daa763-accepts-1-2-13.lock
504 silly lockFile 43daa763-accepts-1-2-13 accepts@1.2.13
505 silly lockFile 43daa763-accepts-1-2-13 accepts@1.2.13
506 silly lockFile bae7a731-accepts-1-2-12 accepts@~1.2.12
507 silly lockFile bae7a731-accepts-1-2-12 accepts@~1.2.12
508 http 304 https://registry.npmjs.org/debug
509 silly registry.get cb [ 304,
509 silly registry.get   { date: 'Thu, 07 Apr 2016 09:16:17 GMT',
509 silly registry.get     via: '1.1 varnish',
509 silly registry.get     'cache-control': 'max-age=300',
509 silly registry.get     etag: '"1TQB5M39B6ZS7TOMZ4ZNDMVTN"',
509 silly registry.get     age: '270',
509 silly registry.get     connection: 'keep-alive',
509 silly registry.get     'x-served-by': 'cache-nrt6123-NRT',
509 silly registry.get     'x-cache': 'HIT',
509 silly registry.get     'x-cache-hits': '3',
509 silly registry.get     'x-timer': 'S1460020577.594710,VS0,VE0',
509 silly registry.get     vary: 'Accept-Encoding' } ]
510 verbose etag debug from cache
511 silly addNameRange number 2 { name: 'debug', range: '>=2.2.0-0 <2.3.0-0', hasData: true }
512 silly addNameRange versions [ 'debug',
512 silly addNameRange   [ '0.0.1',
512 silly addNameRange     '0.1.0',
512 silly addNameRange     '0.2.0',
512 silly addNameRange     '0.3.0',
512 silly addNameRange     '0.4.0',
512 silly addNameRange     '0.4.1',
512 silly addNameRange     '0.5.0',
512 silly addNameRange     '0.6.0',
512 silly addNameRange     '0.7.0',
512 silly addNameRange     '0.7.1',
512 silly addNameRange     '0.7.2',
512 silly addNameRange     '0.7.3',
512 silly addNameRange     '0.7.4',
512 silly addNameRange     '0.8.0',
512 silly addNameRange     '0.8.1',
512 silly addNameRange     '1.0.0',
512 silly addNameRange     '1.0.1',
512 silly addNameRange     '1.0.2',
512 silly addNameRange     '1.0.3',
512 silly addNameRange     '1.0.4',
512 silly addNameRange     '2.0.0',
512 silly addNameRange     '2.1.0',
512 silly addNameRange     '2.1.1',
512 silly addNameRange     '2.1.2',
512 silly addNameRange     '2.1.3',
512 silly addNameRange     '2.2.0' ] ]
513 verbose addNamed [ 'debug', '2.2.0' ]
514 verbose addNamed [ '2.2.0', '2.2.0' ]
515 silly lockFile 82f99b48-debug-2-2-0 debug@2.2.0
516 verbose lock debug@2.2.0 C:\Users\lenovo\AppData\Roaming\npm-cache\82f99b48-debug-2-2-0.lock
517 http 304 https://registry.npmjs.org/cookie-signature/1.0.6
518 silly registry.get cb [ 304,
518 silly registry.get   { date: 'Thu, 07 Apr 2016 09:16:17 GMT',
518 silly registry.get     via: '1.1 varnish',
518 silly registry.get     'cache-control': 'max-age=300',
518 silly registry.get     etag: '"9AG3R5JH5HMV65ARYCI0N9W2P"',
518 silly registry.get     age: '120',
518 silly registry.get     connection: 'keep-alive',
518 silly registry.get     'x-served-by': 'cache-nrt6127-NRT',
518 silly registry.get     'x-cache': 'HIT',
518 silly registry.get     'x-cache-hits': '1',
518 silly registry.get     'x-timer': 'S1460020577.593726,VS0,VE0',
518 silly registry.get     vary: 'Accept' } ]
519 verbose etag cookie-signature/1.0.6 from cache
520 silly lockFile 82f99b48-debug-2-2-0 debug@2.2.0
521 silly lockFile 82f99b48-debug-2-2-0 debug@2.2.0
522 silly lockFile 7986b842-debug-2-2-0 debug@~2.2.0
523 silly lockFile 7986b842-debug-2-2-0 debug@~2.2.0
524 silly lockFile 73d54cec-cookie-signature-1-0-6 cookie-signature@1.0.6
525 silly lockFile 73d54cec-cookie-signature-1-0-6 cookie-signature@1.0.6
526 http 304 https://registry.npmjs.org/content-disposition/0.5.1
527 silly registry.get cb [ 304,
527 silly registry.get   { date: 'Thu, 07 Apr 2016 09:16:17 GMT',
527 silly registry.get     via: '1.1 varnish',
527 silly registry.get     'cache-control': 'max-age=300',
527 silly registry.get     etag: '"93WGQS5MW9MSYIYH53QK786W2"',
527 silly registry.get     age: '42',
527 silly registry.get     connection: 'keep-alive',
527 silly registry.get     'x-served-by': 'cache-nrt6131-NRT',
527 silly registry.get     'x-cache': 'HIT',
527 silly registry.get     'x-cache-hits': '1',
527 silly registry.get     'x-timer': 'S1460020577.581771,VS0,VE0',
527 silly registry.get     vary: 'Accept' } ]
528 verbose etag content-disposition/0.5.1 from cache
529 http 304 https://registry.npmjs.org/escape-html
530 silly registry.get cb [ 304,
530 silly registry.get   { date: 'Thu, 07 Apr 2016 09:16:17 GMT',
530 silly registry.get     via: '1.1 varnish',
530 silly registry.get     'cache-control': 'max-age=300',
530 silly registry.get     etag: '"1YNNTHWE6AK1WREIMH2EU3K9H"',
530 silly registry.get     age: '50',
530 silly registry.get     connection: 'keep-alive',
530 silly registry.get     'x-served-by': 'cache-nrt6134-NRT',
530 silly registry.get     'x-cache': 'HIT',
530 silly registry.get     'x-cache-hits': '1',
530 silly registry.get     'x-timer': 'S1460020577.620513,VS0,VE0',
530 silly registry.get     vary: 'Accept-Encoding' } ]
531 verbose etag escape-html from cache
532 silly lockFile 924e06a1-content-disposition-0-5-1 content-disposition@0.5.1
533 silly lockFile 924e06a1-content-disposition-0-5-1 content-disposition@0.5.1
534 silly addNameRange number 2 { name: 'escape-html',
534 silly addNameRange   range: '>=1.0.3-0 <1.1.0-0',
534 silly addNameRange   hasData: true }
535 silly addNameRange versions [ 'escape-html',
535 silly addNameRange   [ '0.0.1', '1.0.0', '1.0.1', '1.0.2', '1.0.3' ] ]
536 verbose addNamed [ 'escape-html', '1.0.3' ]
537 verbose addNamed [ '1.0.3', '1.0.3' ]
538 silly lockFile aff04d3d-escape-html-1-0-3 escape-html@1.0.3
539 verbose lock escape-html@1.0.3 C:\Users\lenovo\AppData\Roaming\npm-cache\aff04d3d-escape-html-1-0-3.lock
540 silly lockFile aff04d3d-escape-html-1-0-3 escape-html@1.0.3
541 silly lockFile aff04d3d-escape-html-1-0-3 escape-html@1.0.3
542 silly lockFile dec9df14-escape-html-1-0-3 escape-html@~1.0.3
543 silly lockFile dec9df14-escape-html-1-0-3 escape-html@~1.0.3
544 http 304 https://registry.npmjs.org/depd
545 silly registry.get cb [ 304,
545 silly registry.get   { date: 'Thu, 07 Apr 2016 09:16:17 GMT',
545 silly registry.get     via: '1.1 varnish',
545 silly registry.get     'cache-control': 'max-age=300',
545 silly registry.get     etag: '"2IUBEEQSLE6DHP0TKJC7QMY81"',
545 silly registry.get     age: '54',
545 silly registry.get     connection: 'keep-alive',
545 silly registry.get     'x-served-by': 'cache-nrt6129-NRT',
545 silly registry.get     'x-cache': 'HIT',
545 silly registry.get     'x-cache-hits': '28',
545 silly registry.get     'x-timer': 'S1460020577.624063,VS0,VE0',
545 silly registry.get     vary: 'Accept-Encoding' } ]
546 verbose etag depd from cache
547 silly addNameRange number 2 { name: 'depd', range: '>=1.1.0-0 <1.2.0-0', hasData: true }
548 silly addNameRange versions [ 'depd',
548 silly addNameRange   [ '0.0.0',
548 silly addNameRange     '0.0.1',
548 silly addNameRange     '0.1.0',
548 silly addNameRange     '0.2.0',
548 silly addNameRange     '0.3.0',
548 silly addNameRange     '0.4.0',
548 silly addNameRange     '0.4.1',
548 silly addNameRange     '0.4.2',
548 silly addNameRange     '0.4.3',
548 silly addNameRange     '0.4.4',
548 silly addNameRange     '0.4.5',
548 silly addNameRange     '1.0.0',
548 silly addNameRange     '1.0.1',
548 silly addNameRange     '1.1.0' ] ]
549 verbose addNamed [ 'depd', '1.1.0' ]
550 verbose addNamed [ '1.1.0', '1.1.0' ]
551 silly lockFile 530cd37a-depd-1-1-0 depd@1.1.0
552 verbose lock depd@1.1.0 C:\Users\lenovo\AppData\Roaming\npm-cache\530cd37a-depd-1-1-0.lock
553 silly lockFile 530cd37a-depd-1-1-0 depd@1.1.0
554 silly lockFile 530cd37a-depd-1-1-0 depd@1.1.0
555 silly lockFile 99a45627-depd-1-1-0 depd@~1.1.0
556 silly lockFile 99a45627-depd-1-1-0 depd@~1.1.0
557 http 304 https://registry.npmjs.org/etag
558 silly registry.get cb [ 304,
558 silly registry.get   { date: 'Thu, 07 Apr 2016 09:16:17 GMT',
558 silly registry.get     via: '1.1 varnish',
558 silly registry.get     'cache-control': 'max-age=300',
558 silly registry.get     etag: '"AZYWGCIX9T50UT6MN0HU3170L"',
558 silly registry.get     age: '51',
558 silly registry.get     connection: 'keep-alive',
558 silly registry.get     'x-served-by': 'cache-nrt6123-NRT',
558 silly registry.get     'x-cache': 'HIT',
558 silly registry.get     'x-cache-hits': '1',
558 silly registry.get     'x-timer': 'S1460020577.653005,VS0,VE0',
558 silly registry.get     vary: 'Accept-Encoding' } ]
559 verbose etag etag from cache
560 silly addNameRange number 2 { name: 'etag', range: '>=1.7.0-0 <1.8.0-0', hasData: true }
561 silly addNameRange versions [ 'etag',
561 silly addNameRange   [ '1.0.0',
561 silly addNameRange     '1.0.1',
561 silly addNameRange     '1.1.0',
561 silly addNameRange     '1.2.0',
561 silly addNameRange     '1.2.1',
561 silly addNameRange     '1.3.0',
561 silly addNameRange     '1.3.1',
561 silly addNameRange     '1.4.0',
561 silly addNameRange     '1.5.0',
561 silly addNameRange     '1.5.1',
561 silly addNameRange     '1.6.0',
561 silly addNameRange     '1.7.0' ] ]
562 verbose addNamed [ 'etag', '1.7.0' ]
563 verbose addNamed [ '1.7.0', '1.7.0' ]
564 silly lockFile a5b569f8-etag-1-7-0 etag@1.7.0
565 verbose lock etag@1.7.0 C:\Users\lenovo\AppData\Roaming\npm-cache\a5b569f8-etag-1-7-0.lock
566 silly lockFile a5b569f8-etag-1-7-0 etag@1.7.0
567 silly lockFile a5b569f8-etag-1-7-0 etag@1.7.0
568 silly lockFile 0dec9bda-etag-1-7-0 etag@~1.7.0
569 silly lockFile 0dec9bda-etag-1-7-0 etag@~1.7.0
570 http 304 https://registry.npmjs.org/finalhandler/0.4.1
571 silly registry.get cb [ 304,
571 silly registry.get   { date: 'Thu, 07 Apr 2016 09:16:17 GMT',
571 silly registry.get     via: '1.1 varnish',
571 silly registry.get     'cache-control': 'max-age=300',
571 silly registry.get     etag: '"EM4WSCMWWJ0BJTE1AR7IHT7LD"',
571 silly registry.get     age: '41',
571 silly registry.get     connection: 'keep-alive',
571 silly registry.get     'x-served-by': 'cache-nrt6127-NRT',
571 silly registry.get     'x-cache': 'HIT',
571 silly registry.get     'x-cache-hits': '2',
571 silly registry.get     'x-timer': 'S1460020577.653128,VS0,VE0',
571 silly registry.get     vary: 'Accept' } ]
572 verbose etag finalhandler/0.4.1 from cache
573 silly lockFile e9504ff2-finalhandler-0-4-1 finalhandler@0.4.1
574 silly lockFile e9504ff2-finalhandler-0-4-1 finalhandler@0.4.1
575 http 304 https://registry.npmjs.org/fresh/0.3.0
576 silly registry.get cb [ 304,
576 silly registry.get   { date: 'Thu, 07 Apr 2016 09:16:17 GMT',
576 silly registry.get     via: '1.1 varnish',
576 silly registry.get     'cache-control': 'max-age=300',
576 silly registry.get     etag: '"275FBQ7DYYZ88WZ6SWZ0PBCR1"',
576 silly registry.get     age: '120',
576 silly registry.get     connection: 'keep-alive',
576 silly registry.get     'x-served-by': 'cache-nrt6129-NRT',
576 silly registry.get     'x-cache': 'HIT',
576 silly registry.get     'x-cache-hits': '2',
576 silly registry.get     'x-timer': 'S1460020577.686300,VS0,VE0',
576 silly registry.get     vary: 'Accept' } ]
577 verbose etag fresh/0.3.0 from cache
578 http 200 https://registry.npmjs.org/path-to-regexp/0.1.7
579 verbose bad json      Vn6{\I}2=e+d'I#Iv$9yH)^S5S
579 verbose bad json zi(#+l
579 verbose bad json &g* NVuPl$H^}xY&iWi[MSE'dybML^og0:
579 verbose bad json ]7Z*HzJ
579 verbose bad json R'Om/*5>f6e`g|'>9Q$,xb09[g8d+f-xNf\fKXJ|g55	8w2Dlm[@z3wEQz{{?v4|7[*VM,^EB||>/{&SC_oIU@ogr%*dmK]=D>v6I20r* ({RqVIJb/+f>j])U]3m**Jz@1 2i2J2:gl0rixU:$2ENy1es~	g
579 verbose bad json B*?k<L HdZ(#Gjp8_[T,
579 verbose bad json 3:I0F
579 verbose bad json HQ6\	lC+Z;U:Rx:Ae0G<)^k=w:4<c6V=_x
579 verbose bad json f 939GKkl
579 verbose bad json QEczv}(_j`v<SabZ?}`,uHx!Py0x!d14=8gRvs@XFOp.4e-#	3BGGu !\5%vvlrq,x]x#TW_:_I1K%
579 verbose bad json ;83_mP0w5Rv
579 verbose bad json   
580 error registry error parsing json
581 silly registry.get cb [ 200,
581 silly registry.get   { server: 'CouchDB/1.5.0 (Erlang OTP/R16B03)',
581 silly registry.get     etag: '"7DSRVEOXJC60QCLSKCLTKVMAJ"',
581 silly registry.get     'content-type': 'application/json',
581 silly registry.get     'content-encoding': 'gzip',
581 silly registry.get     'cache-control': 'max-age=300',
581 silly registry.get     'content-length': '1117',
581 silly registry.get     'accept-ranges': 'bytes',
581 silly registry.get     date: 'Thu, 07 Apr 2016 09:16:17 GMT',
581 silly registry.get     via: '1.1 varnish',
581 silly registry.get     age: '120',
581 silly registry.get     connection: 'keep-alive',
581 silly registry.get     'x-served-by': 'cache-nrt6131-NRT',
581 silly registry.get     'x-cache': 'HIT',
581 silly registry.get     'x-cache-hits': '1',
581 silly registry.get     'x-timer': 'S1460020577.668859,VS0,VE0',
581 silly registry.get     vary: 'Accept' } ]
582 silly lockFile e136b900-path-to-regexp-0-1-7 path-to-regexp@0.1.7
583 silly lockFile e136b900-path-to-regexp-0-1-7 path-to-regexp@0.1.7
584 verbose about to build E:\workspace\node_demo\events\node_modules\express
585 info E:\workspace\node_demo\events\node_modules\express unbuild
586 info preuninstall express@4.13.4
587 info uninstall express@4.13.4
588 silly lockFile 9c3d20cb-fresh-0-3-0 fresh@0.3.0
589 silly lockFile 9c3d20cb-fresh-0-3-0 fresh@0.3.0
590 http 304 https://registry.npmjs.org/merge-descriptors/1.0.1
591 silly registry.get cb [ 304,
591 silly registry.get   { date: 'Thu, 07 Apr 2016 09:16:17 GMT',
591 silly registry.get     via: '1.1 varnish',
591 silly registry.get     'cache-control': 'max-age=300',
591 silly registry.get     etag: '"41ARZW1YKFK31O006EGJFVUB4"',
591 silly registry.get     age: '41',
591 silly registry.get     connection: 'keep-alive',
591 silly registry.get     'x-served-by': 'cache-nrt6123-NRT',
591 silly registry.get     'x-cache': 'HIT',
591 silly registry.get     'x-cache-hits': '1',
591 silly registry.get     'x-timer': 'S1460020577.712279,VS0,VE0',
591 silly registry.get     vary: 'Accept' } ]
592 verbose etag merge-descriptors/1.0.1 from cache
593 verbose true,E:\workspace\node_demo\events\node_modules,E:\workspace\node_demo\events\node_modules unbuild express@4.13.4
594 info postuninstall express@4.13.4
595 silly lockFile 21a49ad4-merge-descriptors-1-0-1 merge-descriptors@1.0.1
596 silly lockFile 21a49ad4-merge-descriptors-1-0-1 merge-descriptors@1.0.1
597 http 304 https://registry.npmjs.org/qs/4.0.0
598 silly registry.get cb [ 304,
598 silly registry.get   { date: 'Thu, 07 Apr 2016 09:16:17 GMT',
598 silly registry.get     via: '1.1 varnish',
598 silly registry.get     'cache-control': 'max-age=300',
598 silly registry.get     etag: '"7RDJMGOR7BT1HG7SVYU0GG93X"',
598 silly registry.get     age: '120',
598 silly registry.get     connection: 'keep-alive',
598 silly registry.get     'x-served-by': 'cache-nrt6127-NRT',
598 silly registry.get     'x-cache': 'HIT',
598 silly registry.get     'x-cache-hits': '51',
598 silly registry.get     'x-timer': 'S1460020577.716132,VS0,VE0',
598 silly registry.get     vary: 'Accept' } ]
599 verbose etag qs/4.0.0 from cache
600 silly lockFile 4b52a1c4-qs-4-0-0 qs@4.0.0
601 silly lockFile 4b52a1c4-qs-4-0-0 qs@4.0.0
602 error SyntaxError: Unexpected token 
602 error      Vn6{\I}2=e+d'I#Iv$9yH)^S5S
602 error zi(#+l
602 error &g* NVuPl$H^}xY&iWi[MSE'dybML^og0:
602 error ]7Z*HzJ
602 error R'Om/*5>f6e`g|'>9Q$,xb09[g8d+f-xNf\fKXJ|g55	8w2Dlm[@z3wEQz{{?v4|7[*VM,^EB||>/{&SC_oIU@ogr%*dmK]=D>v6I20r* ({RqVIJb/+f>j])U]3m**Jz@1 2i2J2:gl0rixU:$2ENy1es~	g
602 error B*?k<L HdZ(#Gjp8_[T,
602 error 3:I0F
602 error HQ6\	lC+Z;U:Rx:Ae0G<)^k=w:4<c6V=_x
602 error f 939GKkl
602 error QEczv}(_j`v<SabZ?}`,uHx!Py0x!d14=8gRvs@XFOp.4e-#	3BGGu !\5%vvlrq,x]x#TW_:_I1K%
602 error ;83_mP0w5Rv
602 error   
602 error     at Object.parse (native)
602 error     at RegClient.<anonymous> (D:\AppCan\AppCanStudioPersonalV3.2\HDK\emulator\mas\node_modules\npm\node_modules\npm-registry-client\lib\request.js:203:23)
602 error     at Request.self.callback (D:\AppCan\AppCanStudioPersonalV3.2\HDK\emulator\mas\node_modules\npm\node_modules\request\request.js:123:22)
602 error     at Request.EventEmitter.emit (events.js:98:17)
602 error     at Request.<anonymous> (D:\AppCan\AppCanStudioPersonalV3.2\HDK\emulator\mas\node_modules\npm\node_modules\request\request.js:893:14)
602 error     at Request.EventEmitter.emit (events.js:117:20)
602 error     at IncomingMessage.<anonymous> (D:\AppCan\AppCanStudioPersonalV3.2\HDK\emulator\mas\node_modules\npm\node_modules\request\request.js:844:12)
602 error     at IncomingMessage.EventEmitter.emit (events.js:117:20)
602 error     at _stream_readable.js:910:16
602 error     at process._tickCallback (node.js:415:13)
603 error If you need help, you may report this *entire* log,
603 error including the npm and node versions, at:
603 error     <http://github.com/npm/npm/issues>
604 error System Windows_NT 6.1.7601
605 error command "D:\\AppCan\\AppCanStudioPersonalV3.2\\HDK\\emulator\\mas\\node.exe" "D:\\AppCan\\AppCanStudioPersonalV3.2\\HDK\\emulator\\mas\\node_modules\\npm\\bin\\npm-cli.js" "install" "express"
606 error cwd E:\workspace\node_demo\events
607 error node -v v0.10.15
608 error npm -v 1.4.3
609 error type unexpected_token
610 verbose exit [ 1, true ]
